{"meta": {"format": 3, "version": "7.10.1", "timestamp": "2025-08-11T15:51:34.263781", "branch_coverage": false, "show_contexts": false}, "files": {"src/__init__.py": {"executed_lines": [1], "summary": {"covered_lines": 0, "num_statements": 0, "percent_covered": 100.0, "percent_covered_display": "100", "missing_lines": 0, "excluded_lines": 0}, "missing_lines": [], "excluded_lines": [], "functions": {"": {"executed_lines": [1], "summary": {"covered_lines": 0, "num_statements": 0, "percent_covered": 100.0, "percent_covered_display": "100", "missing_lines": 0, "excluded_lines": 0}, "missing_lines": [], "excluded_lines": []}}, "classes": {"": {"executed_lines": [1], "summary": {"covered_lines": 0, "num_statements": 0, "percent_covered": 100.0, "percent_covered_display": "100", "missing_lines": 0, "excluded_lines": 0}, "missing_lines": [], "excluded_lines": []}}}, "src/api/__init__.py": {"executed_lines": [1], "summary": {"covered_lines": 0, "num_statements": 0, "percent_covered": 100.0, "percent_covered_display": "100", "missing_lines": 0, "excluded_lines": 0}, "missing_lines": [], "excluded_lines": [], "functions": {"": {"executed_lines": [1], "summary": {"covered_lines": 0, "num_statements": 0, "percent_covered": 100.0, "percent_covered_display": "100", "missing_lines": 0, "excluded_lines": 0}, "missing_lines": [], "excluded_lines": []}}, "classes": {"": {"executed_lines": [1], "summary": {"covered_lines": 0, "num_statements": 0, "percent_covered": 100.0, "percent_covered_display": "100", "missing_lines": 0, "excluded_lines": 0}, "missing_lines": [], "excluded_lines": []}}}, "src/api/middleware/__init__.py": {"executed_lines": [1, 3, 4, 6], "summary": {"covered_lines": 3, "num_statements": 3, "percent_covered": 100.0, "percent_covered_display": "100", "missing_lines": 0, "excluded_lines": 0}, "missing_lines": [], "excluded_lines": [], "functions": {"": {"executed_lines": [1, 3, 4, 6], "summary": {"covered_lines": 3, "num_statements": 3, "percent_covered": 100.0, "percent_covered_display": "100", "missing_lines": 0, "excluded_lines": 0}, "missing_lines": [], "excluded_lines": []}}, "classes": {"": {"executed_lines": [1, 3, 4, 6], "summary": {"covered_lines": 3, "num_statements": 3, "percent_covered": 100.0, "percent_covered_display": "100", "missing_lines": 0, "excluded_lines": 0}, "missing_lines": [], "excluded_lines": []}}}, "src/api/middleware/error_handling.py": {"executed_lines": [1, 3, 4, 5, 6, 8, 9, 10, 11, 12, 13, 15, 16, 17, 18, 21, 22, 24, 25, 26, 28, 30, 31, 32, 36, 81, 116, 154, 179, 212, 244, 260, 262, 263, 265, 266, 273, 274, 281, 282, 306, 307], "summary": {"covered_lines": 40, "num_statements": 109, "percent_covered": 36.69724770642202, "percent_covered_display": "37", "missing_lines": 69, "excluded_lines": 0}, "missing_lines": [33, 34, 39, 40, 43, 44, 45, 46, 47, 48, 49, 50, 54, 57, 58, 69, 72, 88, 100, 101, 107, 108, 112, 114, 123, 125, 127, 130, 136, 138, 149, 150, 152, 161, 173, 174, 175, 177, 186, 188, 189, 194, 196, 207, 208, 210, 217, 218, 230, 247, 248, 249, 250, 251, 254, 255, 257, 270, 271, 278, 279, 284, 286, 297, 300, 309, 311, 322, 325], "excluded_lines": [], "functions": {"ErrorHandlingMiddleware.__init__": {"executed_lines": [25, 26], "summary": {"covered_lines": 2, "num_statements": 2, "percent_covered": 100.0, "percent_covered_display": "100", "missing_lines": 0, "excluded_lines": 0}, "missing_lines": [], "excluded_lines": []}, "ErrorHandlingMiddleware.dispatch": {"executed_lines": [30, 31, 32], "summary": {"covered_lines": 3, "num_statements": 5, "percent_covered": 60.0, "percent_covered_display": "60", "missing_lines": 2, "excluded_lines": 0}, "missing_lines": [33, 34], "excluded_lines": []}, "ErrorHandlingMiddleware.handle_exception": {"executed_lines": [], "summary": {"covered_lines": 0, "num_statements": 15, "percent_covered": 0.0, "percent_covered_display": "0", "missing_lines": 15, "excluded_lines": 0}, "missing_lines": [39, 40, 43, 44, 45, 46, 47, 48, 49, 50, 54, 57, 58, 69, 72], "excluded_lines": []}, "ErrorHandlingMiddleware._handle_inventory_error": {"executed_lines": [], "summary": {"covered_lines": 0, "num_statements": 7, "percent_covered": 0.0, "percent_covered_display": "0", "missing_lines": 7, "excluded_lines": 0}, "missing_lines": [88, 100, 101, 107, 108, 112, 114], "excluded_lines": []}, "ErrorHandlingMiddleware._handle_validation_error": {"executed_lines": [], "summary": {"covered_lines": 0, "num_statements": 9, "percent_covered": 0.0, "percent_covered_display": "0", "missing_lines": 9, "excluded_lines": 0}, "missing_lines": [123, 125, 127, 130, 136, 138, 149, 150, 152], "excluded_lines": []}, "ErrorHandlingMiddleware._handle_http_exception": {"executed_lines": [], "summary": {"covered_lines": 0, "num_statements": 5, "percent_covered": 0.0, "percent_covered_display": "0", "missing_lines": 5, "excluded_lines": 0}, "missing_lines": [161, 173, 174, 175, 177], "excluded_lines": []}, "ErrorHandlingMiddleware._handle_pydantic_validation_error": {"executed_lines": [], "summary": {"covered_lines": 0, "num_statements": 8, "percent_covered": 0.0, "percent_covered_display": "0", "missing_lines": 8, "excluded_lines": 0}, "missing_lines": [186, 188, 189, 194, 196, 207, 208, 210], "excluded_lines": []}, "ErrorHandlingMiddleware._handle_unexpected_error": {"executed_lines": [], "summary": {"covered_lines": 0, "num_statements": 3, "percent_covered": 0.0, "percent_covered_display": "0", "missing_lines": 3, "excluded_lines": 0}, "missing_lines": [217, 218, 230], "excluded_lines": []}, "ErrorHandlingMiddleware._sanitize_value": {"executed_lines": [], "summary": {"covered_lines": 0, "num_statements": 8, "percent_covered": 0.0, "percent_covered_display": "0", "missing_lines": 8, "excluded_lines": 0}, "missing_lines": [247, 248, 249, 250, 251, 254, 255, 257], "excluded_lines": []}, "create_exception_handlers": {"executed_lines": [262, 263, 265, 266, 273, 274, 281, 282, 306, 307], "summary": {"covered_lines": 10, "num_statements": 10, "percent_covered": 100.0, "percent_covered_display": "100", "missing_lines": 0, "excluded_lines": 0}, "missing_lines": [], "excluded_lines": []}, "create_exception_handlers.validation_exception_handler": {"executed_lines": [], "summary": {"covered_lines": 0, "num_statements": 2, "percent_covered": 0.0, "percent_covered_display": "0", "missing_lines": 2, "excluded_lines": 0}, "missing_lines": [270, 271], "excluded_lines": []}, "create_exception_handlers.http_exception_handler": {"executed_lines": [], "summary": {"covered_lines": 0, "num_statements": 2, "percent_covered": 0.0, "percent_covered_display": "0", "missing_lines": 2, "excluded_lines": 0}, "missing_lines": [278, 279], "excluded_lines": []}, "create_exception_handlers.not_found_handler": {"executed_lines": [], "summary": {"covered_lines": 0, "num_statements": 4, "percent_covered": 0.0, "percent_covered_display": "0", "missing_lines": 4, "excluded_lines": 0}, "missing_lines": [284, 286, 297, 300], "excluded_lines": []}, "create_exception_handlers.internal_error_handler": {"executed_lines": [], "summary": {"covered_lines": 0, "num_statements": 4, "percent_covered": 0.0, "percent_covered_display": "0", "missing_lines": 4, "excluded_lines": 0}, "missing_lines": [309, 311, 322, 325], "excluded_lines": []}, "": {"executed_lines": [1, 3, 4, 5, 6, 8, 9, 10, 11, 12, 13, 15, 16, 17, 18, 21, 22, 24, 28, 36, 81, 116, 154, 179, 212, 244, 260], "summary": {"covered_lines": 25, "num_statements": 25, "percent_covered": 100.0, "percent_covered_display": "100", "missing_lines": 0, "excluded_lines": 0}, "missing_lines": [], "excluded_lines": []}}, "classes": {"ErrorHandlingMiddleware": {"executed_lines": [25, 26, 30, 31, 32], "summary": {"covered_lines": 5, "num_statements": 62, "percent_covered": 8.064516129032258, "percent_covered_display": "8", "missing_lines": 57, "excluded_lines": 0}, "missing_lines": [33, 34, 39, 40, 43, 44, 45, 46, 47, 48, 49, 50, 54, 57, 58, 69, 72, 88, 100, 101, 107, 108, 112, 114, 123, 125, 127, 130, 136, 138, 149, 150, 152, 161, 173, 174, 175, 177, 186, 188, 189, 194, 196, 207, 208, 210, 217, 218, 230, 247, 248, 249, 250, 251, 254, 255, 257], "excluded_lines": []}, "": {"executed_lines": [1, 3, 4, 5, 6, 8, 9, 10, 11, 12, 13, 15, 16, 17, 18, 21, 22, 24, 28, 36, 81, 116, 154, 179, 212, 244, 260, 262, 263, 265, 266, 273, 274, 281, 282, 306, 307], "summary": {"covered_lines": 35, "num_statements": 47, "percent_covered": 74.46808510638297, "percent_covered_display": "74", "missing_lines": 12, "excluded_lines": 0}, "missing_lines": [270, 271, 278, 279, 284, 286, 297, 300, 309, 311, 322, 325], "excluded_lines": []}}}, "src/api/middleware/logging.py": {"executed_lines": [1, 3, 4, 5, 7, 8, 10, 13, 14, 16], "summary": {"covered_lines": 8, "num_statements": 24, "percent_covered": 33.333333333333336, "percent_covered_display": "33", "missing_lines": 16, "excluded_lines": 0}, "missing_lines": [19, 22, 28, 29, 32, 44, 46, 48, 51, 54, 62, 64, 66, 68, 71, 81], "excluded_lines": [], "functions": {"LoggingMiddleware.dispatch": {"executed_lines": [], "summary": {"covered_lines": 0, "num_statements": 16, "percent_covered": 0.0, "percent_covered_display": "0", "missing_lines": 16, "excluded_lines": 0}, "missing_lines": [19, 22, 28, 29, 32, 44, 46, 48, 51, 54, 62, 64, 66, 68, 71, 81], "excluded_lines": []}, "": {"executed_lines": [1, 3, 4, 5, 7, 8, 10, 13, 14, 16], "summary": {"covered_lines": 8, "num_statements": 8, "percent_covered": 100.0, "percent_covered_display": "100", "missing_lines": 0, "excluded_lines": 0}, "missing_lines": [], "excluded_lines": []}}, "classes": {"LoggingMiddleware": {"executed_lines": [], "summary": {"covered_lines": 0, "num_statements": 16, "percent_covered": 0.0, "percent_covered_display": "0", "missing_lines": 16, "excluded_lines": 0}, "missing_lines": [19, 22, 28, 29, 32, 44, 46, 48, 51, 54, 62, 64, 66, 68, 71, 81], "excluded_lines": []}, "": {"executed_lines": [1, 3, 4, 5, 7, 8, 10, 13, 14, 16], "summary": {"covered_lines": 8, "num_statements": 8, "percent_covered": 100.0, "percent_covered_display": "100", "missing_lines": 0, "excluded_lines": 0}, "missing_lines": [], "excluded_lines": []}}}, "src/api/middleware/metrics.py": {"executed_lines": [1, 3, 4, 6, 7, 9, 10, 12, 15, 16, 18, 20, 23, 24, 26, 27, 29, 30, 31, 32, 44, 47, 52, 57, 66, 69, 75, 78, 81, 89, 92, 95, 98, 100, 101], "summary": {"covered_lines": 33, "num_statements": 42, "percent_covered": 78.57142857142857, "percent_covered_display": "79", "missing_lines": 9, "excluded_lines": 0}, "missing_lines": [33, 34, 40, 41, 58, 70, 71, 72, 93], "excluded_lines": [], "functions": {"HTTPMetricsMiddleware.dispatch": {"executed_lines": [20, 23, 24, 26, 27, 29, 30, 31, 32, 44, 47, 52, 57], "summary": {"covered_lines": 13, "num_statements": 18, "percent_covered": 72.22222222222223, "percent_covered_display": "72", "missing_lines": 5, "excluded_lines": 0}, "missing_lines": [33, 34, 40, 41, 58], "excluded_lines": []}, "HTTPMetricsMiddleware._get_endpoint_label": {"executed_lines": [69, 75, 78, 81, 89, 92, 95], "summary": {"covered_lines": 7, "num_statements": 11, "percent_covered": 63.63636363636363, "percent_covered_display": "64", "missing_lines": 4, "excluded_lines": 0}, "missing_lines": [70, 71, 72, 93], "excluded_lines": []}, "setup_http_metrics_middleware": {"executed_lines": [100, 101], "summary": {"covered_lines": 2, "num_statements": 2, "percent_covered": 100.0, "percent_covered_display": "100", "missing_lines": 0, "excluded_lines": 0}, "missing_lines": [], "excluded_lines": []}, "": {"executed_lines": [1, 3, 4, 6, 7, 9, 10, 12, 15, 16, 18, 66, 98], "summary": {"covered_lines": 11, "num_statements": 11, "percent_covered": 100.0, "percent_covered_display": "100", "missing_lines": 0, "excluded_lines": 0}, "missing_lines": [], "excluded_lines": []}}, "classes": {"HTTPMetricsMiddleware": {"executed_lines": [20, 23, 24, 26, 27, 29, 30, 31, 32, 44, 47, 52, 57, 69, 75, 78, 81, 89, 92, 95], "summary": {"covered_lines": 20, "num_statements": 29, "percent_covered": 68.96551724137932, "percent_covered_display": "69", "missing_lines": 9, "excluded_lines": 0}, "missing_lines": [33, 34, 40, 41, 58, 70, 71, 72, 93], "excluded_lines": []}, "": {"executed_lines": [1, 3, 4, 6, 7, 9, 10, 12, 15, 16, 18, 66, 98, 100, 101], "summary": {"covered_lines": 13, "num_statements": 13, "percent_covered": 100.0, "percent_covered_display": "100", "missing_lines": 0, "excluded_lines": 0}, "missing_lines": [], "excluded_lines": []}}}, "src/api/models/__init__.py": {"executed_lines": [1], "summary": {"covered_lines": 0, "num_statements": 0, "percent_covered": 100.0, "percent_covered_display": "100", "missing_lines": 0, "excluded_lines": 0}, "missing_lines": [], "excluded_lines": [], "functions": {"": {"executed_lines": [1], "summary": {"covered_lines": 0, "num_statements": 0, "percent_covered": 100.0, "percent_covered_display": "100", "missing_lines": 0, "excluded_lines": 0}, "missing_lines": [], "excluded_lines": []}}, "classes": {"": {"executed_lines": [1], "summary": {"covered_lines": 0, "num_statements": 0, "percent_covered": 100.0, "percent_covered_display": "100", "missing_lines": 0, "excluded_lines": 0}, "missing_lines": [], "excluded_lines": []}}}, "src/api/models/inventory.py": {"executed_lines": [1, 3, 4, 5, 6, 8, 10, 14, 15, 17, 19, 20, 21, 22, 23, 31, 32, 34, 36, 37, 38, 39, 42, 43, 45, 47, 48, 49, 53, 54, 55, 58, 59, 61, 63, 64, 65, 68, 69, 71, 73, 74, 75, 76, 79, 80, 82, 84, 85, 86, 87, 88, 91, 92, 94, 96, 97, 101, 102, 104, 106, 107, 108, 109, 110, 111, 112, 115, 116, 118, 120, 121, 122, 123, 124, 125, 126, 127, 128, 129, 130, 131, 134, 135, 137, 139, 140, 141, 142, 143, 144, 145, 146, 149, 150, 152, 154, 155, 156, 157, 158, 159, 160, 163, 164, 166, 168, 169, 170, 171, 172, 173, 176, 177, 179, 181, 182, 183, 184, 187, 188, 190, 192, 193, 194, 195], "summary": {"covered_lines": 111, "num_statements": 111, "percent_covered": 100.0, "percent_covered_display": "100", "missing_lines": 0, "excluded_lines": 0}, "missing_lines": [], "excluded_lines": [], "functions": {"": {"executed_lines": [1, 3, 4, 5, 6, 8, 10, 14, 15, 17, 19, 20, 21, 22, 23, 31, 32, 34, 36, 37, 38, 39, 42, 43, 45, 47, 48, 49, 53, 54, 55, 58, 59, 61, 63, 64, 65, 68, 69, 71, 73, 74, 75, 76, 79, 80, 82, 84, 85, 86, 87, 88, 91, 92, 94, 96, 97, 101, 102, 104, 106, 107, 108, 109, 110, 111, 112, 115, 116, 118, 120, 121, 122, 123, 124, 125, 126, 127, 128, 129, 130, 131, 134, 135, 137, 139, 140, 141, 142, 143, 144, 145, 146, 149, 150, 152, 154, 155, 156, 157, 158, 159, 160, 163, 164, 166, 168, 169, 170, 171, 172, 173, 176, 177, 179, 181, 182, 183, 184, 187, 188, 190, 192, 193, 194, 195], "summary": {"covered_lines": 111, "num_statements": 111, "percent_covered": 100.0, "percent_covered_display": "100", "missing_lines": 0, "excluded_lines": 0}, "missing_lines": [], "excluded_lines": []}}, "classes": {"ReserveInventoryRequest": {"executed_lines": [], "summary": {"covered_lines": 0, "num_statements": 0, "percent_covered": 100.0, "percent_covered_display": "100", "missing_lines": 0, "excluded_lines": 0}, "missing_lines": [], "excluded_lines": []}, "ReleaseInventoryRequest": {"executed_lines": [], "summary": {"covered_lines": 0, "num_statements": 0, "percent_covered": 100.0, "percent_covered_display": "100", "missing_lines": 0, "excluded_lines": 0}, "missing_lines": [], "excluded_lines": []}, "AdjustInventoryRequest": {"executed_lines": [], "summary": {"covered_lines": 0, "num_statements": 0, "percent_covered": 100.0, "percent_covered_display": "100", "missing_lines": 0, "excluded_lines": 0}, "missing_lines": [], "excluded_lines": []}, "CreateLocationRequest": {"executed_lines": [], "summary": {"covered_lines": 0, "num_statements": 0, "percent_covered": 100.0, "percent_covered_display": "100", "missing_lines": 0, "excluded_lines": 0}, "missing_lines": [], "excluded_lines": []}, "UpdateLocationRequest": {"executed_lines": [], "summary": {"covered_lines": 0, "num_statements": 0, "percent_covered": 100.0, "percent_covered_display": "100", "missing_lines": 0, "excluded_lines": 0}, "missing_lines": [], "excluded_lines": []}, "CreateInventoryRequest": {"executed_lines": [], "summary": {"covered_lines": 0, "num_statements": 0, "percent_covered": 100.0, "percent_covered_display": "100", "missing_lines": 0, "excluded_lines": 0}, "missing_lines": [], "excluded_lines": []}, "UpdateInventoryRequest": {"executed_lines": [], "summary": {"covered_lines": 0, "num_statements": 0, "percent_covered": 100.0, "percent_covered_display": "100", "missing_lines": 0, "excluded_lines": 0}, "missing_lines": [], "excluded_lines": []}, "LocationResponse": {"executed_lines": [], "summary": {"covered_lines": 0, "num_statements": 0, "percent_covered": 100.0, "percent_covered_display": "100", "missing_lines": 0, "excluded_lines": 0}, "missing_lines": [], "excluded_lines": []}, "InventoryResponse": {"executed_lines": [], "summary": {"covered_lines": 0, "num_statements": 0, "percent_covered": 100.0, "percent_covered_display": "100", "missing_lines": 0, "excluded_lines": 0}, "missing_lines": [], "excluded_lines": []}, "ReservationResponse": {"executed_lines": [], "summary": {"covered_lines": 0, "num_statements": 0, "percent_covered": 100.0, "percent_covered_display": "100", "missing_lines": 0, "excluded_lines": 0}, "missing_lines": [], "excluded_lines": []}, "InventoryAdjustmentResponse": {"executed_lines": [], "summary": {"covered_lines": 0, "num_statements": 0, "percent_covered": 100.0, "percent_covered_display": "100", "missing_lines": 0, "excluded_lines": 0}, "missing_lines": [], "excluded_lines": []}, "LowStockItem": {"executed_lines": [], "summary": {"covered_lines": 0, "num_statements": 0, "percent_covered": 100.0, "percent_covered_display": "100", "missing_lines": 0, "excluded_lines": 0}, "missing_lines": [], "excluded_lines": []}, "InventoryOperationResponse": {"executed_lines": [], "summary": {"covered_lines": 0, "num_statements": 0, "percent_covered": 100.0, "percent_covered_display": "100", "missing_lines": 0, "excluded_lines": 0}, "missing_lines": [], "excluded_lines": []}, "InventoryStatsResponse": {"executed_lines": [], "summary": {"covered_lines": 0, "num_statements": 0, "percent_covered": 100.0, "percent_covered_display": "100", "missing_lines": 0, "excluded_lines": 0}, "missing_lines": [], "excluded_lines": []}, "": {"executed_lines": [1, 3, 4, 5, 6, 8, 10, 14, 15, 17, 19, 20, 21, 22, 23, 31, 32, 34, 36, 37, 38, 39, 42, 43, 45, 47, 48, 49, 53, 54, 55, 58, 59, 61, 63, 64, 65, 68, 69, 71, 73, 74, 75, 76, 79, 80, 82, 84, 85, 86, 87, 88, 91, 92, 94, 96, 97, 101, 102, 104, 106, 107, 108, 109, 110, 111, 112, 115, 116, 118, 120, 121, 122, 123, 124, 125, 126, 127, 128, 129, 130, 131, 134, 135, 137, 139, 140, 141, 142, 143, 144, 145, 146, 149, 150, 152, 154, 155, 156, 157, 158, 159, 160, 163, 164, 166, 168, 169, 170, 171, 172, 173, 176, 177, 179, 181, 182, 183, 184, 187, 188, 190, 192, 193, 194, 195], "summary": {"covered_lines": 111, "num_statements": 111, "percent_covered": 100.0, "percent_covered_display": "100", "missing_lines": 0, "excluded_lines": 0}, "missing_lines": [], "excluded_lines": []}}}, "src/api/routes/__init__.py": {"executed_lines": [1], "summary": {"covered_lines": 0, "num_statements": 0, "percent_covered": 100.0, "percent_covered_display": "100", "missing_lines": 0, "excluded_lines": 0}, "missing_lines": [], "excluded_lines": [], "functions": {"": {"executed_lines": [1], "summary": {"covered_lines": 0, "num_statements": 0, "percent_covered": 100.0, "percent_covered_display": "100", "missing_lines": 0, "excluded_lines": 0}, "missing_lines": [], "excluded_lines": []}}, "classes": {"": {"executed_lines": [1], "summary": {"covered_lines": 0, "num_statements": 0, "percent_covered": 100.0, "percent_covered_display": "100", "missing_lines": 0, "excluded_lines": 0}, "missing_lines": [], "excluded_lines": []}}}, "src/api/routes/health.py": {"executed_lines": [1, 3, 5, 6, 7, 9, 10, 12, 14, 17, 49, 69, 118, 149, 179], "summary": {"covered_lines": 14, "num_statements": 39, "percent_covered": 35.8974358974359, "percent_covered_display": "36", "missing_lines": 25, "excluded_lines": 0}, "missing_lines": [51, 54, 55, 56, 57, 58, 59, 61, 120, 122, 123, 126, 127, 128, 129, 130, 131, 132, 134, 141, 143, 144, 146, 181, 183], "excluded_lines": [], "functions": {"health_check": {"executed_lines": [], "summary": {"covered_lines": 0, "num_statements": 8, "percent_covered": 0.0, "percent_covered_display": "0", "missing_lines": 8, "excluded_lines": 0}, "missing_lines": [51, 54, 55, 56, 57, 58, 59, 61], "excluded_lines": []}, "readiness_check": {"executed_lines": [], "summary": {"covered_lines": 0, "num_statements": 15, "percent_covered": 0.0, "percent_covered_display": "0", "missing_lines": 15, "excluded_lines": 0}, "missing_lines": [120, 122, 123, 126, 127, 128, 129, 130, 131, 132, 134, 141, 143, 144, 146], "excluded_lines": []}, "liveness_check": {"executed_lines": [], "summary": {"covered_lines": 0, "num_statements": 2, "percent_covered": 0.0, "percent_covered_display": "0", "missing_lines": 2, "excluded_lines": 0}, "missing_lines": [181, 183], "excluded_lines": []}, "": {"executed_lines": [1, 3, 5, 6, 7, 9, 10, 12, 14, 17, 49, 69, 118, 149, 179], "summary": {"covered_lines": 14, "num_statements": 14, "percent_covered": 100.0, "percent_covered_display": "100", "missing_lines": 0, "excluded_lines": 0}, "missing_lines": [], "excluded_lines": []}}, "classes": {"": {"executed_lines": [1, 3, 5, 6, 7, 9, 10, 12, 14, 17, 49, 69, 118, 149, 179], "summary": {"covered_lines": 14, "num_statements": 39, "percent_covered": 35.8974358974359, "percent_covered_display": "36", "missing_lines": 25, "excluded_lines": 0}, "missing_lines": [51, 54, 55, 56, 57, 58, 59, 61, 120, 122, 123, 126, 127, 128, 129, 130, 131, 132, 134, 141, 143, 144, 146, 181, 183], "excluded_lines": []}}}, "src/api/routes/inventory.py": {"executed_lines": [1, 3, 4, 5, 7, 8, 10, 25, 26, 27, 28, 29, 30, 31, 33, 35, 39, 56, 117, 139, 254, 274, 378, 399, 404, 406, 408, 503, 519, 568, 585, 590, 591, 593, 595], "summary": {"covered_lines": 34, "num_statements": 141, "percent_covered": 24.113475177304963, "percent_covered_display": "24", "missing_lines": 107, "excluded_lines": 0}, "missing_lines": [62, 64, 66, 67, 68, 70, 73, 74, 75, 78, 79, 82, 83, 84, 109, 144, 145, 147, 149, 152, 153, 158, 162, 163, 169, 170, 180, 183, 206, 217, 219, 228, 235, 236, 237, 238, 240, 248, 279, 280, 282, 284, 287, 288, 289, 294, 295, 297, 298, 303, 307, 308, 311, 314, 319, 342, 344, 353, 359, 360, 361, 362, 364, 372, 411, 412, 417, 426, 427, 428, 433, 439, 442, 465, 467, 477, 478, 484, 485, 486, 487, 489, 497, 525, 527, 531, 532, 533, 535, 555, 557, 564, 596, 597, 600, 603, 604, 609, 618, 620, 628, 651, 652, 653, 654, 656, 662], "excluded_lines": [], "functions": {"get_inventory": {"executed_lines": [], "summary": {"covered_lines": 0, "num_statements": 15, "percent_covered": 0.0, "percent_covered_display": "0", "missing_lines": 15, "excluded_lines": 0}, "missing_lines": [62, 64, 66, 67, 68, 70, 73, 74, 75, 78, 79, 82, 83, 84, 109], "excluded_lines": []}, "reserve_inventory": {"executed_lines": [], "summary": {"covered_lines": 0, "num_statements": 23, "percent_covered": 0.0, "percent_covered_display": "0", "missing_lines": 23, "excluded_lines": 0}, "missing_lines": [144, 145, 147, 149, 152, 153, 158, 162, 163, 169, 170, 180, 183, 206, 217, 219, 228, 235, 236, 237, 238, 240, 248], "excluded_lines": []}, "release_inventory": {"executed_lines": [], "summary": {"covered_lines": 0, "num_statements": 26, "percent_covered": 0.0, "percent_covered_display": "0", "missing_lines": 26, "excluded_lines": 0}, "missing_lines": [279, 280, 282, 284, 287, 288, 289, 294, 295, 297, 298, 303, 307, 308, 311, 314, 319, 342, 344, 353, 359, 360, 361, 362, 364, 372], "excluded_lines": []}, "adjust_inventory": {"executed_lines": [404, 406, 408], "summary": {"covered_lines": 3, "num_statements": 22, "percent_covered": 13.636363636363637, "percent_covered_display": "14", "missing_lines": 19, "excluded_lines": 0}, "missing_lines": [411, 412, 417, 426, 427, 428, 433, 439, 442, 465, 467, 477, 478, 484, 485, 486, 487, 489, 497], "excluded_lines": []}, "get_low_stock": {"executed_lines": [], "summary": {"covered_lines": 0, "num_statements": 9, "percent_covered": 0.0, "percent_covered_display": "0", "missing_lines": 9, "excluded_lines": 0}, "missing_lines": [525, 527, 531, 532, 533, 535, 555, 557, 564], "excluded_lines": []}, "create_inventory": {"executed_lines": [590, 591, 593, 595], "summary": {"covered_lines": 4, "num_statements": 19, "percent_covered": 21.05263157894737, "percent_covered_display": "21", "missing_lines": 15, "excluded_lines": 0}, "missing_lines": [596, 597, 600, 603, 604, 609, 618, 620, 628, 651, 652, 653, 654, 656, 662], "excluded_lines": []}, "": {"executed_lines": [1, 3, 4, 5, 7, 8, 10, 25, 26, 27, 28, 29, 30, 31, 33, 35, 39, 56, 117, 139, 254, 274, 378, 399, 503, 519, 568, 585], "summary": {"covered_lines": 27, "num_statements": 27, "percent_covered": 100.0, "percent_covered_display": "100", "missing_lines": 0, "excluded_lines": 0}, "missing_lines": [], "excluded_lines": []}}, "classes": {"": {"executed_lines": [1, 3, 4, 5, 7, 8, 10, 25, 26, 27, 28, 29, 30, 31, 33, 35, 39, 56, 117, 139, 254, 274, 378, 399, 404, 406, 408, 503, 519, 568, 585, 590, 591, 593, 595], "summary": {"covered_lines": 34, "num_statements": 141, "percent_covered": 24.113475177304963, "percent_covered_display": "24", "missing_lines": 107, "excluded_lines": 0}, "missing_lines": [62, 64, 66, 67, 68, 70, 73, 74, 75, 78, 79, 82, 83, 84, 109, 144, 145, 147, 149, 152, 153, 158, 162, 163, 169, 170, 180, 183, 206, 217, 219, 228, 235, 236, 237, 238, 240, 248, 279, 280, 282, 284, 287, 288, 289, 294, 295, 297, 298, 303, 307, 308, 311, 314, 319, 342, 344, 353, 359, 360, 361, 362, 364, 372, 411, 412, 417, 426, 427, 428, 433, 439, 442, 465, 467, 477, 478, 484, 485, 486, 487, 489, 497, 525, 527, 531, 532, 533, 535, 555, 557, 564, 596, 597, 600, 603, 604, 609, 618, 620, 628, 651, 652, 653, 654, 656, 662], "excluded_lines": []}}}, "src/api/routes/locations.py": {"executed_lines": [1, 3, 4, 6, 7, 9, 14, 15, 16, 17, 18, 20, 22, 25, 42, 82, 96, 118, 140, 145, 147, 149, 196, 217, 302, 323, 358, 377], "summary": {"covered_lines": 27, "num_statements": 106, "percent_covered": 25.471698113207548, "percent_covered_display": "25", "missing_lines": 79, "excluded_lines": 0}, "missing_lines": [50, 52, 53, 54, 56, 58, 59, 60, 72, 79, 101, 103, 104, 105, 107, 150, 151, 154, 160, 162, 169, 179, 180, 181, 182, 184, 190, 223, 225, 227, 228, 229, 232, 233, 234, 235, 238, 239, 240, 241, 242, 243, 244, 245, 246, 248, 250, 261, 262, 263, 268, 270, 276, 286, 287, 288, 289, 291, 296, 328, 330, 331, 332, 333, 335, 337, 342, 343, 344, 345, 347, 352, 382, 384, 386, 387, 388, 400, 406], "excluded_lines": [], "functions": {"list_locations": {"executed_lines": [], "summary": {"covered_lines": 0, "num_statements": 10, "percent_covered": 0.0, "percent_covered_display": "0", "missing_lines": 10, "excluded_lines": 0}, "missing_lines": [50, 52, 53, 54, 56, 58, 59, 60, 72, 79], "excluded_lines": []}, "get_location": {"executed_lines": [], "summary": {"covered_lines": 0, "num_statements": 5, "percent_covered": 0.0, "percent_covered_display": "0", "missing_lines": 5, "excluded_lines": 0}, "missing_lines": [101, 103, 104, 105, 107], "excluded_lines": []}, "create_location": {"executed_lines": [145, 147, 149], "summary": {"covered_lines": 3, "num_statements": 15, "percent_covered": 20.0, "percent_covered_display": "20", "missing_lines": 12, "excluded_lines": 0}, "missing_lines": [150, 151, 154, 160, 162, 169, 179, 180, 181, 182, 184, 190], "excluded_lines": []}, "update_location": {"executed_lines": [], "summary": {"covered_lines": 0, "num_statements": 32, "percent_covered": 0.0, "percent_covered_display": "0", "missing_lines": 32, "excluded_lines": 0}, "missing_lines": [223, 225, 227, 228, 229, 232, 233, 234, 235, 238, 239, 240, 241, 242, 243, 244, 245, 246, 248, 250, 261, 262, 263, 268, 270, 276, 286, 287, 288, 289, 291, 296], "excluded_lines": []}, "deactivate_location": {"executed_lines": [], "summary": {"covered_lines": 0, "num_statements": 13, "percent_covered": 0.0, "percent_covered_display": "0", "missing_lines": 13, "excluded_lines": 0}, "missing_lines": [328, 330, 331, 332, 333, 335, 337, 342, 343, 344, 345, 347, 352], "excluded_lines": []}, "get_locations_by_type": {"executed_lines": [], "summary": {"covered_lines": 0, "num_statements": 7, "percent_covered": 0.0, "percent_covered_display": "0", "missing_lines": 7, "excluded_lines": 0}, "missing_lines": [382, 384, 386, 387, 388, 400, 406], "excluded_lines": []}, "": {"executed_lines": [1, 3, 4, 6, 7, 9, 14, 15, 16, 17, 18, 20, 22, 25, 42, 82, 96, 118, 140, 196, 217, 302, 323, 358, 377], "summary": {"covered_lines": 24, "num_statements": 24, "percent_covered": 100.0, "percent_covered_display": "100", "missing_lines": 0, "excluded_lines": 0}, "missing_lines": [], "excluded_lines": []}}, "classes": {"": {"executed_lines": [1, 3, 4, 6, 7, 9, 14, 15, 16, 17, 18, 20, 22, 25, 42, 82, 96, 118, 140, 145, 147, 149, 196, 217, 302, 323, 358, 377], "summary": {"covered_lines": 27, "num_statements": 106, "percent_covered": 25.471698113207548, "percent_covered_display": "25", "missing_lines": 79, "excluded_lines": 0}, "missing_lines": [50, 52, 53, 54, 56, 58, 59, 60, 72, 79, 101, 103, 104, 105, 107, 150, 151, 154, 160, 162, 169, 179, 180, 181, 182, 184, 190, 223, 225, 227, 228, 229, 232, 233, 234, 235, 238, 239, 240, 241, 242, 243, 244, 245, 246, 248, 250, 261, 262, 263, 268, 270, 276, 286, 287, 288, 289, 291, 296, 328, 330, 331, 332, 333, 335, 337, 342, 343, 344, 345, 347, 352, 382, 384, 386, 387, 388, 400, 406], "excluded_lines": []}}}, "src/api/routes/reservations.py": {"executed_lines": [1, 3, 4, 6, 7, 9, 10, 11, 12, 13, 14, 16, 18, 21, 39, 86, 100, 123, 143, 196, 216, 290, 308], "summary": {"covered_lines": 22, "num_statements": 86, "percent_covered": 25.58139534883721, "percent_covered_display": "26", "missing_lines": 64, "excluded_lines": 0}, "missing_lines": [48, 50, 51, 52, 53, 54, 55, 56, 58, 60, 61, 62, 75, 83, 105, 107, 108, 109, 111, 148, 150, 151, 152, 153, 156, 157, 158, 160, 162, 169, 180, 181, 182, 183, 185, 190, 221, 223, 224, 226, 228, 229, 230, 235, 241, 242, 248, 251, 253, 255, 263, 274, 275, 276, 277, 279, 284, 313, 315, 317, 318, 319, 332, 338], "excluded_lines": [], "functions": {"list_reservations": {"executed_lines": [], "summary": {"covered_lines": 0, "num_statements": 14, "percent_covered": 0.0, "percent_covered_display": "0", "missing_lines": 14, "excluded_lines": 0}, "missing_lines": [48, 50, 51, 52, 53, 54, 55, 56, 58, 60, 61, 62, 75, 83], "excluded_lines": []}, "get_reservation": {"executed_lines": [], "summary": {"covered_lines": 0, "num_statements": 5, "percent_covered": 0.0, "percent_covered_display": "0", "missing_lines": 5, "excluded_lines": 0}, "missing_lines": [105, 107, 108, 109, 111], "excluded_lines": []}, "complete_reservation": {"executed_lines": [], "summary": {"covered_lines": 0, "num_statements": 17, "percent_covered": 0.0, "percent_covered_display": "0", "missing_lines": 17, "excluded_lines": 0}, "missing_lines": [148, 150, 151, 152, 153, 156, 157, 158, 160, 162, 169, 180, 181, 182, 183, 185, 190], "excluded_lines": []}, "release_reservation": {"executed_lines": [], "summary": {"covered_lines": 0, "num_statements": 21, "percent_covered": 0.0, "percent_covered_display": "0", "missing_lines": 21, "excluded_lines": 0}, "missing_lines": [221, 223, 224, 226, 228, 229, 230, 235, 241, 242, 248, 251, 253, 255, 263, 274, 275, 276, 277, 279, 284], "excluded_lines": []}, "get_expired_reservations": {"executed_lines": [], "summary": {"covered_lines": 0, "num_statements": 7, "percent_covered": 0.0, "percent_covered_display": "0", "missing_lines": 7, "excluded_lines": 0}, "missing_lines": [313, 315, 317, 318, 319, 332, 338], "excluded_lines": []}, "": {"executed_lines": [1, 3, 4, 6, 7, 9, 10, 11, 12, 13, 14, 16, 18, 21, 39, 86, 100, 123, 143, 196, 216, 290, 308], "summary": {"covered_lines": 22, "num_statements": 22, "percent_covered": 100.0, "percent_covered_display": "100", "missing_lines": 0, "excluded_lines": 0}, "missing_lines": [], "excluded_lines": []}}, "classes": {"": {"executed_lines": [1, 3, 4, 6, 7, 9, 10, 11, 12, 13, 14, 16, 18, 21, 39, 86, 100, 123, 143, 196, 216, 290, 308], "summary": {"covered_lines": 22, "num_statements": 86, "percent_covered": 25.58139534883721, "percent_covered_display": "26", "missing_lines": 64, "excluded_lines": 0}, "missing_lines": [48, 50, 51, 52, 53, 54, 55, 56, 58, 60, 61, 62, 75, 83, 105, 107, 108, 109, 111, 148, 150, 151, 152, 153, 156, 157, 158, 160, 162, 169, 180, 181, 182, 183, 185, 190, 221, 223, 224, 226, 228, 229, 230, 235, 241, 242, 248, 251, 253, 255, 263, 274, 275, 276, 277, 279, 284, 313, 315, 317, 318, 319, 332, 338], "excluded_lines": []}}}, "src/core/__init__.py": {"executed_lines": [1], "summary": {"covered_lines": 0, "num_statements": 0, "percent_covered": 100.0, "percent_covered_display": "100", "missing_lines": 0, "excluded_lines": 0}, "missing_lines": [], "excluded_lines": [], "functions": {"": {"executed_lines": [1], "summary": {"covered_lines": 0, "num_statements": 0, "percent_covered": 100.0, "percent_covered_display": "100", "missing_lines": 0, "excluded_lines": 0}, "missing_lines": [], "excluded_lines": []}}, "classes": {"": {"executed_lines": [1], "summary": {"covered_lines": 0, "num_statements": 0, "percent_covered": 100.0, "percent_covered_display": "100", "missing_lines": 0, "excluded_lines": 0}, "missing_lines": [], "excluded_lines": []}}}, "src/core/background_metrics.py": {"executed_lines": [1, 3, 5, 7, 8, 9, 10, 12, 15, 16, 18, 29, 39, 50, 62, 96, 99, 107], "summary": {"covered_lines": 16, "num_statements": 62, "percent_covered": 25.806451612903224, "percent_covered_display": "26", "missing_lines": 46, "excluded_lines": 0}, "missing_lines": [24, 25, 26, 27, 31, 32, 33, 35, 36, 37, 41, 42, 43, 44, 45, 46, 47, 48, 52, 53, 54, 55, 56, 57, 58, 59, 60, 64, 65, 67, 68, 69, 72, 73, 74, 77, 80, 81, 84, 91, 92, 102, 103, 104, 110, 111], "excluded_lines": [], "functions": {"BackgroundMetricsUpdater.__init__": {"executed_lines": [], "summary": {"covered_lines": 0, "num_statements": 4, "percent_covered": 0.0, "percent_covered_display": "0", "missing_lines": 4, "excluded_lines": 0}, "missing_lines": [24, 25, 26, 27], "excluded_lines": []}, "BackgroundMetricsUpdater.start": {"executed_lines": [], "summary": {"covered_lines": 0, "num_statements": 6, "percent_covered": 0.0, "percent_covered_display": "0", "missing_lines": 6, "excluded_lines": 0}, "missing_lines": [31, 32, 33, 35, 36, 37], "excluded_lines": []}, "BackgroundMetricsUpdater.stop": {"executed_lines": [], "summary": {"covered_lines": 0, "num_statements": 8, "percent_covered": 0.0, "percent_covered_display": "0", "missing_lines": 8, "excluded_lines": 0}, "missing_lines": [41, 42, 43, 44, 45, 46, 47, 48], "excluded_lines": []}, "BackgroundMetricsUpdater._update_loop": {"executed_lines": [], "summary": {"covered_lines": 0, "num_statements": 9, "percent_covered": 0.0, "percent_covered_display": "0", "missing_lines": 9, "excluded_lines": 0}, "missing_lines": [52, 53, 54, 55, 56, 57, 58, 59, 60], "excluded_lines": []}, "BackgroundMetricsUpdater._update_inventory_metrics": {"executed_lines": [], "summary": {"covered_lines": 0, "num_statements": 14, "percent_covered": 0.0, "percent_covered_display": "0", "missing_lines": 14, "excluded_lines": 0}, "missing_lines": [64, 65, 67, 68, 69, 72, 73, 74, 77, 80, 81, 84, 91, 92], "excluded_lines": []}, "start_background_metrics": {"executed_lines": [], "summary": {"covered_lines": 0, "num_statements": 3, "percent_covered": 0.0, "percent_covered_display": "0", "missing_lines": 3, "excluded_lines": 0}, "missing_lines": [102, 103, 104], "excluded_lines": []}, "stop_background_metrics": {"executed_lines": [], "summary": {"covered_lines": 0, "num_statements": 2, "percent_covered": 0.0, "percent_covered_display": "0", "missing_lines": 2, "excluded_lines": 0}, "missing_lines": [110, 111], "excluded_lines": []}, "": {"executed_lines": [1, 3, 5, 7, 8, 9, 10, 12, 15, 16, 18, 29, 39, 50, 62, 96, 99, 107], "summary": {"covered_lines": 16, "num_statements": 16, "percent_covered": 100.0, "percent_covered_display": "100", "missing_lines": 0, "excluded_lines": 0}, "missing_lines": [], "excluded_lines": []}}, "classes": {"BackgroundMetricsUpdater": {"executed_lines": [], "summary": {"covered_lines": 0, "num_statements": 41, "percent_covered": 0.0, "percent_covered_display": "0", "missing_lines": 41, "excluded_lines": 0}, "missing_lines": [24, 25, 26, 27, 31, 32, 33, 35, 36, 37, 41, 42, 43, 44, 45, 46, 47, 48, 52, 53, 54, 55, 56, 57, 58, 59, 60, 64, 65, 67, 68, 69, 72, 73, 74, 77, 80, 81, 84, 91, 92], "excluded_lines": []}, "": {"executed_lines": [1, 3, 5, 7, 8, 9, 10, 12, 15, 16, 18, 29, 39, 50, 62, 96, 99, 107], "summary": {"covered_lines": 16, "num_statements": 21, "percent_covered": 76.19047619047619, "percent_covered_display": "76", "missing_lines": 5, "excluded_lines": 0}, "missing_lines": [102, 103, 104, 110, 111], "excluded_lines": []}}}, "src/core/config.py": {"executed_lines": [1, 3, 6, 7, 9, 14, 15, 18, 19, 22, 25, 26, 27, 30, 33, 36, 37, 38, 39, 42, 45, 46, 49], "summary": {"covered_lines": 21, "num_statements": 21, "percent_covered": 100.0, "percent_covered_display": "100", "missing_lines": 0, "excluded_lines": 0}, "missing_lines": [], "excluded_lines": [], "functions": {"": {"executed_lines": [1, 3, 6, 7, 9, 14, 15, 18, 19, 22, 25, 26, 27, 30, 33, 36, 37, 38, 39, 42, 45, 46, 49], "summary": {"covered_lines": 21, "num_statements": 21, "percent_covered": 100.0, "percent_covered_display": "100", "missing_lines": 0, "excluded_lines": 0}, "missing_lines": [], "excluded_lines": []}}, "classes": {"Settings": {"executed_lines": [], "summary": {"covered_lines": 0, "num_statements": 0, "percent_covered": 100.0, "percent_covered_display": "100", "missing_lines": 0, "excluded_lines": 0}, "missing_lines": [], "excluded_lines": []}, "": {"executed_lines": [1, 3, 6, 7, 9, 14, 15, 18, 19, 22, 25, 26, 27, 30, 33, 36, 37, 38, 39, 42, 45, 46, 49], "summary": {"covered_lines": 21, "num_statements": 21, "percent_covered": 100.0, "percent_covered_display": "100", "missing_lines": 0, "excluded_lines": 0}, "missing_lines": [], "excluded_lines": []}}}, "src/core/database.py": {"executed_lines": [1, 3, 4, 6, 7, 9, 10, 12, 15, 26, 33, 36, 51, 73, 74, 87, 99], "summary": {"covered_lines": 16, "num_statements": 51, "percent_covered": 31.372549019607842, "percent_covered_display": "31", "missing_lines": 35, "excluded_lines": 0}, "missing_lines": [38, 39, 41, 42, 43, 44, 45, 46, 48, 53, 55, 57, 60, 61, 63, 64, 69, 70, 76, 77, 78, 79, 80, 81, 82, 84, 89, 90, 92, 93, 94, 95, 96, 101, 102], "excluded_lines": [], "functions": {"get_db": {"executed_lines": [], "summary": {"covered_lines": 0, "num_statements": 9, "percent_covered": 0.0, "percent_covered_display": "0", "missing_lines": 9, "excluded_lines": 0}, "missing_lines": [38, 39, 41, 42, 43, 44, 45, 46, 48], "excluded_lines": []}, "_update_pool_metrics": {"executed_lines": [], "summary": {"covered_lines": 0, "num_statements": 9, "percent_covered": 0.0, "percent_covered_display": "0", "missing_lines": 9, "excluded_lines": 0}, "missing_lines": [53, 55, 57, 60, 61, 63, 64, 69, 70], "excluded_lines": []}, "get_db_context": {"executed_lines": [], "summary": {"covered_lines": 0, "num_statements": 8, "percent_covered": 0.0, "percent_covered_display": "0", "missing_lines": 8, "excluded_lines": 0}, "missing_lines": [76, 77, 78, 79, 80, 81, 82, 84], "excluded_lines": []}, "init_db": {"executed_lines": [], "summary": {"covered_lines": 0, "num_statements": 7, "percent_covered": 0.0, "percent_covered_display": "0", "missing_lines": 7, "excluded_lines": 0}, "missing_lines": [89, 90, 92, 93, 94, 95, 96], "excluded_lines": []}, "close_db": {"executed_lines": [], "summary": {"covered_lines": 0, "num_statements": 2, "percent_covered": 0.0, "percent_covered_display": "0", "missing_lines": 2, "excluded_lines": 0}, "missing_lines": [101, 102], "excluded_lines": []}, "": {"executed_lines": [1, 3, 4, 6, 7, 9, 10, 12, 15, 26, 33, 36, 51, 73, 74, 87, 99], "summary": {"covered_lines": 16, "num_statements": 16, "percent_covered": 100.0, "percent_covered_display": "100", "missing_lines": 0, "excluded_lines": 0}, "missing_lines": [], "excluded_lines": []}}, "classes": {"": {"executed_lines": [1, 3, 4, 6, 7, 9, 10, 12, 15, 26, 33, 36, 51, 73, 74, 87, 99], "summary": {"covered_lines": 16, "num_statements": 51, "percent_covered": 31.372549019607842, "percent_covered_display": "31", "missing_lines": 35, "excluded_lines": 0}, "missing_lines": [38, 39, 41, 42, 43, 44, 45, 46, 48, 53, 55, 57, 60, 61, 63, 64, 69, 70, 76, 77, 78, 79, 80, 81, 82, 84, 89, 90, 92, 93, 94, 95, 96, 101, 102], "excluded_lines": []}}}, "src/core/error_utils.py": {"executed_lines": [], "summary": {"covered_lines": 0, "num_statements": 27, "percent_covered": 0.0, "percent_covered_display": "0", "missing_lines": 27, "excluded_lines": 0}, "missing_lines": [3, 6, 16, 18, 25, 37, 39, 40, 41, 49, 52, 62, 64, 71, 77, 80, 82, 83, 84, 85, 87, 90, 91, 93, 98, 105, 111], "excluded_lines": [], "functions": {"raise_not_found": {"executed_lines": [], "summary": {"covered_lines": 0, "num_statements": 2, "percent_covered": 0.0, "percent_covered_display": "0", "missing_lines": 2, "excluded_lines": 0}, "missing_lines": [16, 18], "excluded_lines": []}, "raise_validation_error": {"executed_lines": [], "summary": {"covered_lines": 0, "num_statements": 5, "percent_covered": 0.0, "percent_covered_display": "0", "missing_lines": 5, "excluded_lines": 0}, "missing_lines": [37, 39, 40, 41, 49], "excluded_lines": []}, "raise_conflict": {"executed_lines": [], "summary": {"covered_lines": 0, "num_statements": 2, "percent_covered": 0.0, "percent_covered_display": "0", "missing_lines": 2, "excluded_lines": 0}, "missing_lines": [62, 64], "excluded_lines": []}, "handle_database_error": {"executed_lines": [], "summary": {"covered_lines": 0, "num_statements": 11, "percent_covered": 0.0, "percent_covered_display": "0", "missing_lines": 11, "excluded_lines": 0}, "missing_lines": [77, 80, 82, 83, 84, 85, 87, 90, 91, 93, 98], "excluded_lines": []}, "create_error_response_examples": {"executed_lines": [], "summary": {"covered_lines": 0, "num_statements": 1, "percent_covered": 0.0, "percent_covered_display": "0", "missing_lines": 1, "excluded_lines": 0}, "missing_lines": [111], "excluded_lines": []}, "": {"executed_lines": [], "summary": {"covered_lines": 0, "num_statements": 6, "percent_covered": 0.0, "percent_covered_display": "0", "missing_lines": 6, "excluded_lines": 0}, "missing_lines": [3, 6, 25, 52, 71, 105], "excluded_lines": []}}, "classes": {"": {"executed_lines": [], "summary": {"covered_lines": 0, "num_statements": 27, "percent_covered": 0.0, "percent_covered_display": "0", "missing_lines": 27, "excluded_lines": 0}, "missing_lines": [3, 6, 16, 18, 25, 37, 39, 40, 41, 49, 52, 62, 64, 71, 77, 80, 82, 83, 84, 85, 87, 90, 91, 93, 98, 105, 111], "excluded_lines": []}}}, "src/core/events.py": {"executed_lines": [1, 3, 4, 6, 8, 26, 29, 32, 33, 46, 50, 54, 58, 109, 158, 211, 259, 314, 317, 326], "summary": {"covered_lines": 18, "num_statements": 58, "percent_covered": 31.03448275862069, "percent_covered_display": "31", "missing_lines": 40, "excluded_lines": 0}, "missing_lines": [48, 52, 56, 69, 71, 81, 88, 101, 102, 119, 121, 130, 137, 150, 151, 170, 172, 183, 190, 204, 205, 221, 223, 232, 239, 252, 253, 271, 273, 284, 291, 305, 306, 320, 321, 322, 323, 329, 330, 331], "excluded_lines": [], "functions": {"InventoryEventService.__init__": {"executed_lines": [], "summary": {"covered_lines": 0, "num_statements": 1, "percent_covered": 0.0, "percent_covered_display": "0", "missing_lines": 1, "excluded_lines": 0}, "missing_lines": [48], "excluded_lines": []}, "InventoryEventService.start": {"executed_lines": [], "summary": {"covered_lines": 0, "num_statements": 1, "percent_covered": 0.0, "percent_covered_display": "0", "missing_lines": 1, "excluded_lines": 0}, "missing_lines": [52], "excluded_lines": []}, "InventoryEventService.stop": {"executed_lines": [], "summary": {"covered_lines": 0, "num_statements": 1, "percent_covered": 0.0, "percent_covered_display": "0", "missing_lines": 1, "excluded_lines": 0}, "missing_lines": [56], "excluded_lines": []}, "InventoryEventService.publish_inventory_reserved": {"executed_lines": [], "summary": {"covered_lines": 0, "num_statements": 6, "percent_covered": 0.0, "percent_covered_display": "0", "missing_lines": 6, "excluded_lines": 0}, "missing_lines": [69, 71, 81, 88, 101, 102], "excluded_lines": []}, "InventoryEventService.publish_inventory_released": {"executed_lines": [], "summary": {"covered_lines": 0, "num_statements": 6, "percent_covered": 0.0, "percent_covered_display": "0", "missing_lines": 6, "excluded_lines": 0}, "missing_lines": [119, 121, 130, 137, 150, 151], "excluded_lines": []}, "InventoryEventService.publish_inventory_adjusted": {"executed_lines": [], "summary": {"covered_lines": 0, "num_statements": 6, "percent_covered": 0.0, "percent_covered_display": "0", "missing_lines": 6, "excluded_lines": 0}, "missing_lines": [170, 172, 183, 190, 204, 205], "excluded_lines": []}, "InventoryEventService.publish_low_stock_alert": {"executed_lines": [], "summary": {"covered_lines": 0, "num_statements": 6, "percent_covered": 0.0, "percent_covered_display": "0", "missing_lines": 6, "excluded_lines": 0}, "missing_lines": [221, 223, 232, 239, 252, 253], "excluded_lines": []}, "InventoryEventService.publish_inventory_updated": {"executed_lines": [], "summary": {"covered_lines": 0, "num_statements": 6, "percent_covered": 0.0, "percent_covered_display": "0", "missing_lines": 6, "excluded_lines": 0}, "missing_lines": [271, 273, 284, 291, 305, 306], "excluded_lines": []}, "get_event_service": {"executed_lines": [], "summary": {"covered_lines": 0, "num_statements": 4, "percent_covered": 0.0, "percent_covered_display": "0", "missing_lines": 4, "excluded_lines": 0}, "missing_lines": [320, 321, 322, 323], "excluded_lines": []}, "close_event_service": {"executed_lines": [], "summary": {"covered_lines": 0, "num_statements": 3, "percent_covered": 0.0, "percent_covered_display": "0", "missing_lines": 3, "excluded_lines": 0}, "missing_lines": [329, 330, 331], "excluded_lines": []}, "": {"executed_lines": [1, 3, 4, 6, 8, 26, 29, 32, 33, 46, 50, 54, 58, 109, 158, 211, 259, 314, 317, 326], "summary": {"covered_lines": 18, "num_statements": 18, "percent_covered": 100.0, "percent_covered_display": "100", "missing_lines": 0, "excluded_lines": 0}, "missing_lines": [], "excluded_lines": []}}, "classes": {"InventoryEventService": {"executed_lines": [], "summary": {"covered_lines": 0, "num_statements": 33, "percent_covered": 0.0, "percent_covered_display": "0", "missing_lines": 33, "excluded_lines": 0}, "missing_lines": [48, 52, 56, 69, 71, 81, 88, 101, 102, 119, 121, 130, 137, 150, 151, 170, 172, 183, 190, 204, 205, 221, 223, 232, 239, 252, 253, 271, 273, 284, 291, 305, 306], "excluded_lines": []}, "": {"executed_lines": [1, 3, 4, 6, 8, 26, 29, 32, 33, 46, 50, 54, 58, 109, 158, 211, 259, 314, 317, 326], "summary": {"covered_lines": 18, "num_statements": 25, "percent_covered": 72.0, "percent_covered_display": "72", "missing_lines": 7, "excluded_lines": 0}, "missing_lines": [320, 321, 322, 323, 329, 330, 331], "excluded_lines": []}}}, "src/core/exceptions.py": {"executed_lines": [1, 3, 5, 8, 9, 11, 28, 29, 31, 37, 38, 40, 44, 45, 47, 51, 52, 54, 58, 59, 61, 65, 66, 68, 74, 75, 77, 81, 82, 84, 90, 91, 93, 99, 100, 102], "summary": {"covered_lines": 24, "num_statements": 40, "percent_covered": 60.0, "percent_covered_display": "60", "missing_lines": 16, "excluded_lines": 0}, "missing_lines": [20, 21, 22, 23, 24, 25, 32, 41, 48, 55, 62, 71, 78, 85, 94, 103], "excluded_lines": [], "functions": {"InventoryManagementError.__init__": {"executed_lines": [], "summary": {"covered_lines": 0, "num_statements": 6, "percent_covered": 0.0, "percent_covered_display": "0", "missing_lines": 6, "excluded_lines": 0}, "missing_lines": [20, 21, 22, 23, 24, 25], "excluded_lines": []}, "ValidationError.__init__": {"executed_lines": [], "summary": {"covered_lines": 0, "num_statements": 1, "percent_covered": 0.0, "percent_covered_display": "0", "missing_lines": 1, "excluded_lines": 0}, "missing_lines": [32], "excluded_lines": []}, "NotFoundError.__init__": {"executed_lines": [], "summary": {"covered_lines": 0, "num_statements": 1, "percent_covered": 0.0, "percent_covered_display": "0", "missing_lines": 1, "excluded_lines": 0}, "missing_lines": [41], "excluded_lines": []}, "ConflictError.__init__": {"executed_lines": [], "summary": {"covered_lines": 0, "num_statements": 1, "percent_covered": 0.0, "percent_covered_display": "0", "missing_lines": 1, "excluded_lines": 0}, "missing_lines": [48], "excluded_lines": []}, "InsufficientStockError.__init__": {"executed_lines": [], "summary": {"covered_lines": 0, "num_statements": 1, "percent_covered": 0.0, "percent_covered_display": "0", "missing_lines": 1, "excluded_lines": 0}, "missing_lines": [55], "excluded_lines": []}, "UnauthorizedError.__init__": {"executed_lines": [], "summary": {"covered_lines": 0, "num_statements": 1, "percent_covered": 0.0, "percent_covered_display": "0", "missing_lines": 1, "excluded_lines": 0}, "missing_lines": [62], "excluded_lines": []}, "ForbiddenError.__init__": {"executed_lines": [], "summary": {"covered_lines": 0, "num_statements": 1, "percent_covered": 0.0, "percent_covered_display": "0", "missing_lines": 1, "excluded_lines": 0}, "missing_lines": [71], "excluded_lines": []}, "BadRequestError.__init__": {"executed_lines": [], "summary": {"covered_lines": 0, "num_statements": 1, "percent_covered": 0.0, "percent_covered_display": "0", "missing_lines": 1, "excluded_lines": 0}, "missing_lines": [78], "excluded_lines": []}, "ServiceUnavailableError.__init__": {"executed_lines": [], "summary": {"covered_lines": 0, "num_statements": 1, "percent_covered": 0.0, "percent_covered_display": "0", "missing_lines": 1, "excluded_lines": 0}, "missing_lines": [85], "excluded_lines": []}, "RateLimitError.__init__": {"executed_lines": [], "summary": {"covered_lines": 0, "num_statements": 1, "percent_covered": 0.0, "percent_covered_display": "0", "missing_lines": 1, "excluded_lines": 0}, "missing_lines": [94], "excluded_lines": []}, "InternalServerError.__init__": {"executed_lines": [], "summary": {"covered_lines": 0, "num_statements": 1, "percent_covered": 0.0, "percent_covered_display": "0", "missing_lines": 1, "excluded_lines": 0}, "missing_lines": [103], "excluded_lines": []}, "": {"executed_lines": [1, 3, 5, 8, 9, 11, 28, 29, 31, 37, 38, 40, 44, 45, 47, 51, 52, 54, 58, 59, 61, 65, 66, 68, 74, 75, 77, 81, 82, 84, 90, 91, 93, 99, 100, 102], "summary": {"covered_lines": 24, "num_statements": 24, "percent_covered": 100.0, "percent_covered_display": "100", "missing_lines": 0, "excluded_lines": 0}, "missing_lines": [], "excluded_lines": []}}, "classes": {"InventoryManagementError": {"executed_lines": [], "summary": {"covered_lines": 0, "num_statements": 6, "percent_covered": 0.0, "percent_covered_display": "0", "missing_lines": 6, "excluded_lines": 0}, "missing_lines": [20, 21, 22, 23, 24, 25], "excluded_lines": []}, "ValidationError": {"executed_lines": [], "summary": {"covered_lines": 0, "num_statements": 1, "percent_covered": 0.0, "percent_covered_display": "0", "missing_lines": 1, "excluded_lines": 0}, "missing_lines": [32], "excluded_lines": []}, "NotFoundError": {"executed_lines": [], "summary": {"covered_lines": 0, "num_statements": 1, "percent_covered": 0.0, "percent_covered_display": "0", "missing_lines": 1, "excluded_lines": 0}, "missing_lines": [41], "excluded_lines": []}, "ConflictError": {"executed_lines": [], "summary": {"covered_lines": 0, "num_statements": 1, "percent_covered": 0.0, "percent_covered_display": "0", "missing_lines": 1, "excluded_lines": 0}, "missing_lines": [48], "excluded_lines": []}, "InsufficientStockError": {"executed_lines": [], "summary": {"covered_lines": 0, "num_statements": 1, "percent_covered": 0.0, "percent_covered_display": "0", "missing_lines": 1, "excluded_lines": 0}, "missing_lines": [55], "excluded_lines": []}, "UnauthorizedError": {"executed_lines": [], "summary": {"covered_lines": 0, "num_statements": 1, "percent_covered": 0.0, "percent_covered_display": "0", "missing_lines": 1, "excluded_lines": 0}, "missing_lines": [62], "excluded_lines": []}, "ForbiddenError": {"executed_lines": [], "summary": {"covered_lines": 0, "num_statements": 1, "percent_covered": 0.0, "percent_covered_display": "0", "missing_lines": 1, "excluded_lines": 0}, "missing_lines": [71], "excluded_lines": []}, "BadRequestError": {"executed_lines": [], "summary": {"covered_lines": 0, "num_statements": 1, "percent_covered": 0.0, "percent_covered_display": "0", "missing_lines": 1, "excluded_lines": 0}, "missing_lines": [78], "excluded_lines": []}, "ServiceUnavailableError": {"executed_lines": [], "summary": {"covered_lines": 0, "num_statements": 1, "percent_covered": 0.0, "percent_covered_display": "0", "missing_lines": 1, "excluded_lines": 0}, "missing_lines": [85], "excluded_lines": []}, "RateLimitError": {"executed_lines": [], "summary": {"covered_lines": 0, "num_statements": 1, "percent_covered": 0.0, "percent_covered_display": "0", "missing_lines": 1, "excluded_lines": 0}, "missing_lines": [94], "excluded_lines": []}, "InternalServerError": {"executed_lines": [], "summary": {"covered_lines": 0, "num_statements": 1, "percent_covered": 0.0, "percent_covered_display": "0", "missing_lines": 1, "excluded_lines": 0}, "missing_lines": [103], "excluded_lines": []}, "": {"executed_lines": [1, 3, 5, 8, 9, 11, 28, 29, 31, 37, 38, 40, 44, 45, 47, 51, 52, 54, 58, 59, 61, 65, 66, 68, 74, 75, 77, 81, 82, 84, 90, 91, 93, 99, 100, 102], "summary": {"covered_lines": 24, "num_statements": 24, "percent_covered": 100.0, "percent_covered_display": "100", "missing_lines": 0, "excluded_lines": 0}, "missing_lines": [], "excluded_lines": []}}}, "src/core/logging.py": {"executed_lines": [1, 3, 4, 5, 6, 8, 9, 12, 13, 16, 19, 34, 41, 51, 54, 64, 68, 69, 72, 73, 74, 75, 76, 80, 83, 85, 88, 101, 110, 113, 128, 158, 160, 163, 165, 168, 170, 173, 175, 178, 183, 185, 188, 190, 191, 192], "summary": {"covered_lines": 45, "num_statements": 57, "percent_covered": 78.94736842105263, "percent_covered_display": "79", "missing_lines": 12, "excluded_lines": 0}, "missing_lines": [77, 81, 124, 125, 143, 146, 148, 149, 151, 152, 154, 180], "excluded_lines": [], "functions": {"setup_logging": {"executed_lines": [34, 41, 51, 54, 64, 85, 88], "summary": {"covered_lines": 7, "num_statements": 7, "percent_covered": 100.0, "percent_covered_display": "100", "missing_lines": 0, "excluded_lines": 0}, "missing_lines": [], "excluded_lines": []}, "setup_logging.add_custom_context": {"executed_lines": [68, 69, 72, 73, 74, 75, 76, 80, 83], "summary": {"covered_lines": 9, "num_statements": 11, "percent_covered": 81.81818181818181, "percent_covered_display": "82", "missing_lines": 2, "excluded_lines": 0}, "missing_lines": [77, 81], "excluded_lines": []}, "get_logger": {"executed_lines": [110], "summary": {"covered_lines": 1, "num_statements": 1, "percent_covered": 100.0, "percent_covered_display": "100", "missing_lines": 0, "excluded_lines": 0}, "missing_lines": [], "excluded_lines": []}, "log_event": {"executed_lines": [], "summary": {"covered_lines": 0, "num_statements": 2, "percent_covered": 0.0, "percent_covered_display": "0", "missing_lines": 2, "excluded_lines": 0}, "missing_lines": [124, 125], "excluded_lines": []}, "create_request_logger": {"executed_lines": [], "summary": {"covered_lines": 0, "num_statements": 7, "percent_covered": 0.0, "percent_covered_display": "0", "missing_lines": 7, "excluded_lines": 0}, "missing_lines": [143, 146, 148, 149, 151, 152, 154], "excluded_lines": []}, "set_correlation_id": {"executed_lines": [160], "summary": {"covered_lines": 1, "num_statements": 1, "percent_covered": 100.0, "percent_covered_display": "100", "missing_lines": 0, "excluded_lines": 0}, "missing_lines": [], "excluded_lines": []}, "get_correlation_id": {"executed_lines": [165], "summary": {"covered_lines": 1, "num_statements": 1, "percent_covered": 100.0, "percent_covered_display": "100", "missing_lines": 0, "excluded_lines": 0}, "missing_lines": [], "excluded_lines": []}, "set_request_id": {"executed_lines": [170], "summary": {"covered_lines": 1, "num_statements": 1, "percent_covered": 100.0, "percent_covered_display": "100", "missing_lines": 0, "excluded_lines": 0}, "missing_lines": [], "excluded_lines": []}, "get_request_id": {"executed_lines": [175], "summary": {"covered_lines": 1, "num_statements": 1, "percent_covered": 100.0, "percent_covered_display": "100", "missing_lines": 0, "excluded_lines": 0}, "missing_lines": [], "excluded_lines": []}, "set_user_id": {"executed_lines": [], "summary": {"covered_lines": 0, "num_statements": 1, "percent_covered": 0.0, "percent_covered_display": "0", "missing_lines": 1, "excluded_lines": 0}, "missing_lines": [180], "excluded_lines": []}, "get_user_id": {"executed_lines": [185], "summary": {"covered_lines": 1, "num_statements": 1, "percent_covered": 100.0, "percent_covered_display": "100", "missing_lines": 0, "excluded_lines": 0}, "missing_lines": [], "excluded_lines": []}, "clear_context": {"executed_lines": [190, 191, 192], "summary": {"covered_lines": 3, "num_statements": 3, "percent_covered": 100.0, "percent_covered_display": "100", "missing_lines": 0, "excluded_lines": 0}, "missing_lines": [], "excluded_lines": []}, "": {"executed_lines": [1, 3, 4, 5, 6, 8, 9, 12, 13, 16, 19, 101, 113, 128, 158, 163, 168, 173, 178, 183, 188], "summary": {"covered_lines": 20, "num_statements": 20, "percent_covered": 100.0, "percent_covered_display": "100", "missing_lines": 0, "excluded_lines": 0}, "missing_lines": [], "excluded_lines": []}}, "classes": {"": {"executed_lines": [1, 3, 4, 5, 6, 8, 9, 12, 13, 16, 19, 34, 41, 51, 54, 64, 68, 69, 72, 73, 74, 75, 76, 80, 83, 85, 88, 101, 110, 113, 128, 158, 160, 163, 165, 168, 170, 173, 175, 178, 183, 185, 188, 190, 191, 192], "summary": {"covered_lines": 45, "num_statements": 57, "percent_covered": 78.94736842105263, "percent_covered_display": "79", "missing_lines": 12, "excluded_lines": 0}, "missing_lines": [77, 81, 124, 125, 143, 146, 148, 149, 151, 152, 154, 180], "excluded_lines": []}}}, "src/core/metrics.py": {"executed_lines": [1, 3, 4, 5, 7, 8, 10, 12, 15, 18, 25, 33, 41, 49, 57, 63, 69, 75, 84, 91, 100, 108, 109, 111, 113, 114, 116, 128, 134, 143, 152, 160, 168, 172, 173, 202, 205, 210, 211], "summary": {"covered_lines": 37, "num_statements": 73, "percent_covered": 50.68493150684932, "percent_covered_display": "51", "missing_lines": 36, "excluded_lines": 0}, "missing_lines": [120, 121, 124, 132, 138, 139, 147, 148, 156, 164, 165, 166, 170, 177, 178, 179, 180, 181, 182, 184, 185, 186, 189, 190, 193, 194, 207, 215, 216, 217, 219, 220, 223, 224, 226, 227], "excluded_lines": [], "functions": {"MetricsCollector.__init__": {"executed_lines": [113, 114], "summary": {"covered_lines": 2, "num_statements": 2, "percent_covered": 100.0, "percent_covered_display": "100", "missing_lines": 0, "excluded_lines": 0}, "missing_lines": [], "excluded_lines": []}, "MetricsCollector.record_service_registration": {"executed_lines": [], "summary": {"covered_lines": 0, "num_statements": 3, "percent_covered": 0.0, "percent_covered_display": "0", "missing_lines": 3, "excluded_lines": 0}, "missing_lines": [120, 121, 124], "excluded_lines": []}, "MetricsCollector.update_active_services_count": {"executed_lines": [], "summary": {"covered_lines": 0, "num_statements": 1, "percent_covered": 0.0, "percent_covered_display": "0", "missing_lines": 1, "excluded_lines": 0}, "missing_lines": [132], "excluded_lines": []}, "MetricsCollector.record_service_query": {"executed_lines": [], "summary": {"covered_lines": 0, "num_statements": 2, "percent_covered": 0.0, "percent_covered_display": "0", "missing_lines": 2, "excluded_lines": 0}, "missing_lines": [138, 139], "excluded_lines": []}, "MetricsCollector.record_service_discovery": {"executed_lines": [], "summary": {"covered_lines": 0, "num_statements": 2, "percent_covered": 0.0, "percent_covered_display": "0", "missing_lines": 2, "excluded_lines": 0}, "missing_lines": [147, 148], "excluded_lines": []}, "MetricsCollector.record_database_query": {"executed_lines": [], "summary": {"covered_lines": 0, "num_statements": 1, "percent_covered": 0.0, "percent_covered_display": "0", "missing_lines": 1, "excluded_lines": 0}, "missing_lines": [156], "excluded_lines": []}, "MetricsCollector.update_db_pool_metrics": {"executed_lines": [], "summary": {"covered_lines": 0, "num_statements": 3, "percent_covered": 0.0, "percent_covered_display": "0", "missing_lines": 3, "excluded_lines": 0}, "missing_lines": [164, 165, 166], "excluded_lines": []}, "MetricsCollector.record_error": {"executed_lines": [], "summary": {"covered_lines": 0, "num_statements": 1, "percent_covered": 0.0, "percent_covered_display": "0", "missing_lines": 1, "excluded_lines": 0}, "missing_lines": [170], "excluded_lines": []}, "MetricsCollector.timed_operation": {"executed_lines": [], "summary": {"covered_lines": 0, "num_statements": 13, "percent_covered": 0.0, "percent_covered_display": "0", "missing_lines": 13, "excluded_lines": 0}, "missing_lines": [177, 178, 179, 180, 181, 182, 184, 185, 186, 189, 190, 193, 194], "excluded_lines": []}, "get_metrics_collector": {"executed_lines": [], "summary": {"covered_lines": 0, "num_statements": 1, "percent_covered": 0.0, "percent_covered_display": "0", "missing_lines": 1, "excluded_lines": 0}, "missing_lines": [207], "excluded_lines": []}, "db_metrics_context": {"executed_lines": [], "summary": {"covered_lines": 0, "num_statements": 9, "percent_covered": 0.0, "percent_covered_display": "0", "missing_lines": 9, "excluded_lines": 0}, "missing_lines": [215, 216, 217, 219, 220, 223, 224, 226, 227], "excluded_lines": []}, "": {"executed_lines": [1, 3, 4, 5, 7, 8, 10, 12, 15, 18, 25, 33, 41, 49, 57, 63, 69, 75, 84, 91, 100, 108, 109, 111, 116, 128, 134, 143, 152, 160, 168, 172, 173, 202, 205, 210, 211], "summary": {"covered_lines": 35, "num_statements": 35, "percent_covered": 100.0, "percent_covered_display": "100", "missing_lines": 0, "excluded_lines": 0}, "missing_lines": [], "excluded_lines": []}}, "classes": {"MetricsCollector": {"executed_lines": [113, 114], "summary": {"covered_lines": 2, "num_statements": 28, "percent_covered": 7.142857142857143, "percent_covered_display": "7", "missing_lines": 26, "excluded_lines": 0}, "missing_lines": [120, 121, 124, 132, 138, 139, 147, 148, 156, 164, 165, 166, 170, 177, 178, 179, 180, 181, 182, 184, 185, 186, 189, 190, 193, 194], "excluded_lines": []}, "": {"executed_lines": [1, 3, 4, 5, 7, 8, 10, 12, 15, 18, 25, 33, 41, 49, 57, 63, 69, 75, 84, 91, 100, 108, 109, 111, 116, 128, 134, 143, 152, 160, 168, 172, 173, 202, 205, 210, 211], "summary": {"covered_lines": 35, "num_statements": 45, "percent_covered": 77.77777777777777, "percent_covered_display": "78", "missing_lines": 10, "excluded_lines": 0}, "missing_lines": [207, 215, 216, 217, 219, 220, 223, 224, 226, 227], "excluded_lines": []}}}, "src/core/middleware.py": {"executed_lines": [1, 3, 4, 5, 7, 8, 10, 19, 22, 23, 25, 28, 29, 32, 33, 36, 39, 52, 54, 57, 60, 69, 70, 72, 90, 93, 94, 96], "summary": {"covered_lines": 25, "num_statements": 39, "percent_covered": 64.1025641025641, "percent_covered_display": "64", "missing_lines": 14, "excluded_lines": 0}, "missing_lines": [74, 76, 79, 87, 99, 100, 103, 104, 106, 107, 108, 109, 110, 112], "excluded_lines": [], "functions": {"LoggingMiddleware.dispatch": {"executed_lines": [28, 29, 32, 33, 36, 39, 52, 54, 57, 60, 69, 70, 72, 90], "summary": {"covered_lines": 14, "num_statements": 18, "percent_covered": 77.77777777777777, "percent_covered_display": "78", "missing_lines": 4, "excluded_lines": 0}, "missing_lines": [74, 76, 79, 87], "excluded_lines": []}, "RequestIDMiddleware.dispatch": {"executed_lines": [], "summary": {"covered_lines": 0, "num_statements": 10, "percent_covered": 0.0, "percent_covered_display": "0", "missing_lines": 10, "excluded_lines": 0}, "missing_lines": [99, 100, 103, 104, 106, 107, 108, 109, 110, 112], "excluded_lines": []}, "": {"executed_lines": [1, 3, 4, 5, 7, 8, 10, 19, 22, 23, 25, 93, 94, 96], "summary": {"covered_lines": 11, "num_statements": 11, "percent_covered": 100.0, "percent_covered_display": "100", "missing_lines": 0, "excluded_lines": 0}, "missing_lines": [], "excluded_lines": []}}, "classes": {"LoggingMiddleware": {"executed_lines": [28, 29, 32, 33, 36, 39, 52, 54, 57, 60, 69, 70, 72, 90], "summary": {"covered_lines": 14, "num_statements": 18, "percent_covered": 77.77777777777777, "percent_covered_display": "78", "missing_lines": 4, "excluded_lines": 0}, "missing_lines": [74, 76, 79, 87], "excluded_lines": []}, "RequestIDMiddleware": {"executed_lines": [], "summary": {"covered_lines": 0, "num_statements": 10, "percent_covered": 0.0, "percent_covered_display": "0", "missing_lines": 10, "excluded_lines": 0}, "missing_lines": [99, 100, 103, 104, 106, 107, 108, 109, 110, 112], "excluded_lines": []}, "": {"executed_lines": [1, 3, 4, 5, 7, 8, 10, 19, 22, 23, 25, 93, 94, 96], "summary": {"covered_lines": 11, "num_statements": 11, "percent_covered": 100.0, "percent_covered_display": "100", "missing_lines": 0, "excluded_lines": 0}, "missing_lines": [], "excluded_lines": []}}}, "src/core/models/__init__.py": {"executed_lines": [1], "summary": {"covered_lines": 0, "num_statements": 0, "percent_covered": 100.0, "percent_covered_display": "100", "missing_lines": 0, "excluded_lines": 0}, "missing_lines": [], "excluded_lines": [], "functions": {"": {"executed_lines": [1], "summary": {"covered_lines": 0, "num_statements": 0, "percent_covered": 100.0, "percent_covered_display": "100", "missing_lines": 0, "excluded_lines": 0}, "missing_lines": [], "excluded_lines": []}}, "classes": {"": {"executed_lines": [1], "summary": {"covered_lines": 0, "num_statements": 0, "percent_covered": 100.0, "percent_covered_display": "100", "missing_lines": 0, "excluded_lines": 0}, "missing_lines": [], "excluded_lines": []}}}, "src/core/models/errors.py": {"executed_lines": [1, 3, 4, 6, 9, 10, 12, 13, 14, 17, 18, 20, 22, 23, 24, 27, 30, 33, 34, 37, 40, 42, 43, 48, 49, 52, 53], "summary": {"covered_lines": 23, "num_statements": 24, "percent_covered": 95.83333333333333, "percent_covered_display": "96", "missing_lines": 1, "excluded_lines": 0}, "missing_lines": [45], "excluded_lines": [], "functions": {"ErrorResponse.serialize_timestamp": {"executed_lines": [], "summary": {"covered_lines": 0, "num_statements": 1, "percent_covered": 0.0, "percent_covered_display": "0", "missing_lines": 1, "excluded_lines": 0}, "missing_lines": [45], "excluded_lines": []}, "": {"executed_lines": [1, 3, 4, 6, 9, 10, 12, 13, 14, 17, 18, 20, 22, 23, 24, 27, 30, 33, 34, 37, 40, 42, 43, 48, 49, 52, 53], "summary": {"covered_lines": 23, "num_statements": 23, "percent_covered": 100.0, "percent_covered_display": "100", "missing_lines": 0, "excluded_lines": 0}, "missing_lines": [], "excluded_lines": []}}, "classes": {"ErrorDetail": {"executed_lines": [], "summary": {"covered_lines": 0, "num_statements": 0, "percent_covered": 100.0, "percent_covered_display": "100", "missing_lines": 0, "excluded_lines": 0}, "missing_lines": [], "excluded_lines": []}, "ErrorResponse": {"executed_lines": [], "summary": {"covered_lines": 0, "num_statements": 1, "percent_covered": 0.0, "percent_covered_display": "0", "missing_lines": 1, "excluded_lines": 0}, "missing_lines": [45], "excluded_lines": []}, "ValidationErrorDetail": {"executed_lines": [], "summary": {"covered_lines": 0, "num_statements": 0, "percent_covered": 100.0, "percent_covered_display": "100", "missing_lines": 0, "excluded_lines": 0}, "missing_lines": [], "excluded_lines": []}, "": {"executed_lines": [1, 3, 4, 6, 9, 10, 12, 13, 14, 17, 18, 20, 22, 23, 24, 27, 30, 33, 34, 37, 40, 42, 43, 48, 49, 52, 53], "summary": {"covered_lines": 23, "num_statements": 23, "percent_covered": 100.0, "percent_covered_display": "100", "missing_lines": 0, "excluded_lines": 0}, "missing_lines": [], "excluded_lines": []}}}, "src/main.py": {"executed_lines": [1, 3, 4, 5, 7, 8, 9, 10, 12, 16, 17, 18, 19, 20, 21, 22, 23, 24, 27, 33, 36, 37, 91, 202, 212, 215, 216, 217, 220, 223, 232, 233, 234, 235, 238, 268, 284, 304], "summary": {"covered_lines": 37, "num_statements": 83, "percent_covered": 44.57831325301205, "percent_covered_display": "45", "missing_lines": 46, "excluded_lines": 0}, "missing_lines": [40, 43, 44, 45, 46, 47, 48, 52, 53, 54, 55, 56, 59, 60, 61, 62, 63, 64, 66, 69, 72, 73, 74, 75, 76, 79, 80, 81, 82, 83, 84, 86, 87, 93, 94, 96, 171, 198, 199, 270, 276, 277, 279, 281, 306, 307], "excluded_lines": [], "functions": {"lifespan": {"executed_lines": [], "summary": {"covered_lines": 0, "num_statements": 33, "percent_covered": 0.0, "percent_covered_display": "0", "missing_lines": 33, "excluded_lines": 0}, "missing_lines": [40, 43, 44, 45, 46, 47, 48, 52, 53, 54, 55, 56, 59, 60, 61, 62, 63, 64, 66, 69, 72, 73, 74, 75, 76, 79, 80, 81, 82, 83, 84, 86, 87], "excluded_lines": []}, "custom_openapi": {"executed_lines": [], "summary": {"covered_lines": 0, "num_statements": 6, "percent_covered": 0.0, "percent_covered_display": "0", "missing_lines": 6, "excluded_lines": 0}, "missing_lines": [93, 94, 96, 171, 198, 199], "excluded_lines": []}, "root": {"executed_lines": [], "summary": {"covered_lines": 0, "num_statements": 5, "percent_covered": 0.0, "percent_covered_display": "0", "missing_lines": 5, "excluded_lines": 0}, "missing_lines": [270, 276, 277, 279, 281], "excluded_lines": []}, "metrics": {"executed_lines": [], "summary": {"covered_lines": 0, "num_statements": 2, "percent_covered": 0.0, "percent_covered_display": "0", "missing_lines": 2, "excluded_lines": 0}, "missing_lines": [306, 307], "excluded_lines": []}, "": {"executed_lines": [1, 3, 4, 5, 7, 8, 9, 10, 12, 16, 17, 18, 19, 20, 21, 22, 23, 24, 27, 33, 36, 37, 91, 202, 212, 215, 216, 217, 220, 223, 232, 233, 234, 235, 238, 268, 284, 304], "summary": {"covered_lines": 37, "num_statements": 37, "percent_covered": 100.0, "percent_covered_display": "100", "missing_lines": 0, "excluded_lines": 0}, "missing_lines": [], "excluded_lines": []}}, "classes": {"": {"executed_lines": [1, 3, 4, 5, 7, 8, 9, 10, 12, 16, 17, 18, 19, 20, 21, 22, 23, 24, 27, 33, 36, 37, 91, 202, 212, 215, 216, 217, 220, 223, 232, 233, 234, 235, 238, 268, 284, 304], "summary": {"covered_lines": 37, "num_statements": 83, "percent_covered": 44.57831325301205, "percent_covered_display": "45", "missing_lines": 46, "excluded_lines": 0}, "missing_lines": [40, 43, 44, 45, 46, 47, 48, 52, 53, 54, 55, 56, 59, 60, 61, 62, 63, 64, 66, 69, 72, 73, 74, 75, 76, 79, 80, 81, 82, 83, 84, 86, 87, 93, 94, 96, 171, 198, 199, 270, 276, 277, 279, 281, 306, 307], "excluded_lines": []}}}, "src/metrics.py": {"executed_lines": [], "summary": {"covered_lines": 0, "num_statements": 73, "percent_covered": 0.0, "percent_covered_display": "0", "missing_lines": 73, "excluded_lines": 0}, "missing_lines": [3, 4, 5, 7, 8, 10, 12, 15, 18, 25, 33, 41, 49, 57, 63, 69, 75, 84, 91, 100, 108, 111, 113, 114, 116, 120, 121, 124, 128, 132, 134, 138, 139, 143, 147, 148, 152, 156, 160, 164, 165, 166, 168, 170, 172, 173, 177, 178, 179, 180, 181, 182, 184, 185, 186, 189, 190, 193, 194, 202, 205, 207, 210, 211, 215, 216, 217, 219, 220, 223, 224, 226, 227], "excluded_lines": [], "functions": {"MetricsCollector.__init__": {"executed_lines": [], "summary": {"covered_lines": 0, "num_statements": 2, "percent_covered": 0.0, "percent_covered_display": "0", "missing_lines": 2, "excluded_lines": 0}, "missing_lines": [113, 114], "excluded_lines": []}, "MetricsCollector.record_service_registration": {"executed_lines": [], "summary": {"covered_lines": 0, "num_statements": 3, "percent_covered": 0.0, "percent_covered_display": "0", "missing_lines": 3, "excluded_lines": 0}, "missing_lines": [120, 121, 124], "excluded_lines": []}, "MetricsCollector.update_active_services_count": {"executed_lines": [], "summary": {"covered_lines": 0, "num_statements": 1, "percent_covered": 0.0, "percent_covered_display": "0", "missing_lines": 1, "excluded_lines": 0}, "missing_lines": [132], "excluded_lines": []}, "MetricsCollector.record_service_query": {"executed_lines": [], "summary": {"covered_lines": 0, "num_statements": 2, "percent_covered": 0.0, "percent_covered_display": "0", "missing_lines": 2, "excluded_lines": 0}, "missing_lines": [138, 139], "excluded_lines": []}, "MetricsCollector.record_service_discovery": {"executed_lines": [], "summary": {"covered_lines": 0, "num_statements": 2, "percent_covered": 0.0, "percent_covered_display": "0", "missing_lines": 2, "excluded_lines": 0}, "missing_lines": [147, 148], "excluded_lines": []}, "MetricsCollector.record_database_query": {"executed_lines": [], "summary": {"covered_lines": 0, "num_statements": 1, "percent_covered": 0.0, "percent_covered_display": "0", "missing_lines": 1, "excluded_lines": 0}, "missing_lines": [156], "excluded_lines": []}, "MetricsCollector.update_db_pool_metrics": {"executed_lines": [], "summary": {"covered_lines": 0, "num_statements": 3, "percent_covered": 0.0, "percent_covered_display": "0", "missing_lines": 3, "excluded_lines": 0}, "missing_lines": [164, 165, 166], "excluded_lines": []}, "MetricsCollector.record_error": {"executed_lines": [], "summary": {"covered_lines": 0, "num_statements": 1, "percent_covered": 0.0, "percent_covered_display": "0", "missing_lines": 1, "excluded_lines": 0}, "missing_lines": [170], "excluded_lines": []}, "MetricsCollector.timed_operation": {"executed_lines": [], "summary": {"covered_lines": 0, "num_statements": 13, "percent_covered": 0.0, "percent_covered_display": "0", "missing_lines": 13, "excluded_lines": 0}, "missing_lines": [177, 178, 179, 180, 181, 182, 184, 185, 186, 189, 190, 193, 194], "excluded_lines": []}, "get_metrics_collector": {"executed_lines": [], "summary": {"covered_lines": 0, "num_statements": 1, "percent_covered": 0.0, "percent_covered_display": "0", "missing_lines": 1, "excluded_lines": 0}, "missing_lines": [207], "excluded_lines": []}, "db_metrics_context": {"executed_lines": [], "summary": {"covered_lines": 0, "num_statements": 9, "percent_covered": 0.0, "percent_covered_display": "0", "missing_lines": 9, "excluded_lines": 0}, "missing_lines": [215, 216, 217, 219, 220, 223, 224, 226, 227], "excluded_lines": []}, "": {"executed_lines": [], "summary": {"covered_lines": 0, "num_statements": 35, "percent_covered": 0.0, "percent_covered_display": "0", "missing_lines": 35, "excluded_lines": 0}, "missing_lines": [3, 4, 5, 7, 8, 10, 12, 15, 18, 25, 33, 41, 49, 57, 63, 69, 75, 84, 91, 100, 108, 111, 116, 128, 134, 143, 152, 160, 168, 172, 173, 202, 205, 210, 211], "excluded_lines": []}}, "classes": {"MetricsCollector": {"executed_lines": [], "summary": {"covered_lines": 0, "num_statements": 28, "percent_covered": 0.0, "percent_covered_display": "0", "missing_lines": 28, "excluded_lines": 0}, "missing_lines": [113, 114, 120, 121, 124, 132, 138, 139, 147, 148, 156, 164, 165, 166, 170, 177, 178, 179, 180, 181, 182, 184, 185, 186, 189, 190, 193, 194], "excluded_lines": []}, "": {"executed_lines": [], "summary": {"covered_lines": 0, "num_statements": 45, "percent_covered": 0.0, "percent_covered_display": "0", "missing_lines": 45, "excluded_lines": 0}, "missing_lines": [3, 4, 5, 7, 8, 10, 12, 15, 18, 25, 33, 41, 49, 57, 63, 69, 75, 84, 91, 100, 108, 111, 116, 128, 134, 143, 152, 160, 168, 172, 173, 202, 205, 207, 210, 211, 215, 216, 217, 219, 220, 223, 224, 226, 227], "excluded_lines": []}}}, "src/middleware.py": {"executed_lines": [], "summary": {"covered_lines": 0, "num_statements": 39, "percent_covered": 0.0, "percent_covered_display": "0", "missing_lines": 39, "excluded_lines": 0}, "missing_lines": [3, 4, 5, 7, 8, 10, 19, 22, 25, 28, 29, 32, 33, 36, 39, 52, 54, 57, 60, 69, 70, 72, 74, 76, 79, 87, 90, 93, 96, 99, 100, 103, 104, 106, 107, 108, 109, 110, 112], "excluded_lines": [], "functions": {"LoggingMiddleware.dispatch": {"executed_lines": [], "summary": {"covered_lines": 0, "num_statements": 18, "percent_covered": 0.0, "percent_covered_display": "0", "missing_lines": 18, "excluded_lines": 0}, "missing_lines": [28, 29, 32, 33, 36, 39, 52, 54, 57, 60, 69, 70, 72, 74, 76, 79, 87, 90], "excluded_lines": []}, "RequestIDMiddleware.dispatch": {"executed_lines": [], "summary": {"covered_lines": 0, "num_statements": 10, "percent_covered": 0.0, "percent_covered_display": "0", "missing_lines": 10, "excluded_lines": 0}, "missing_lines": [99, 100, 103, 104, 106, 107, 108, 109, 110, 112], "excluded_lines": []}, "": {"executed_lines": [], "summary": {"covered_lines": 0, "num_statements": 11, "percent_covered": 0.0, "percent_covered_display": "0", "missing_lines": 11, "excluded_lines": 0}, "missing_lines": [3, 4, 5, 7, 8, 10, 19, 22, 25, 93, 96], "excluded_lines": []}}, "classes": {"LoggingMiddleware": {"executed_lines": [], "summary": {"covered_lines": 0, "num_statements": 18, "percent_covered": 0.0, "percent_covered_display": "0", "missing_lines": 18, "excluded_lines": 0}, "missing_lines": [28, 29, 32, 33, 36, 39, 52, 54, 57, 60, 69, 70, 72, 74, 76, 79, 87, 90], "excluded_lines": []}, "RequestIDMiddleware": {"executed_lines": [], "summary": {"covered_lines": 0, "num_statements": 10, "percent_covered": 0.0, "percent_covered_display": "0", "missing_lines": 10, "excluded_lines": 0}, "missing_lines": [99, 100, 103, 104, 106, 107, 108, 109, 110, 112], "excluded_lines": []}, "": {"executed_lines": [], "summary": {"covered_lines": 0, "num_statements": 11, "percent_covered": 0.0, "percent_covered_display": "0", "missing_lines": 11, "excluded_lines": 0}, "missing_lines": [3, 4, 5, 7, 8, 10, 19, 22, 25, 93, 96], "excluded_lines": []}}}, "src/models/__init__.py": {"executed_lines": [1], "summary": {"covered_lines": 0, "num_statements": 0, "percent_covered": 100.0, "percent_covered_display": "100", "missing_lines": 0, "excluded_lines": 0}, "missing_lines": [], "excluded_lines": [], "functions": {"": {"executed_lines": [1], "summary": {"covered_lines": 0, "num_statements": 0, "percent_covered": 100.0, "percent_covered_display": "100", "missing_lines": 0, "excluded_lines": 0}, "missing_lines": [], "excluded_lines": []}}, "classes": {"": {"executed_lines": [1], "summary": {"covered_lines": 0, "num_statements": 0, "percent_covered": 100.0, "percent_covered_display": "100", "missing_lines": 0, "excluded_lines": 0}, "missing_lines": [], "excluded_lines": []}}}, "src/models/events.py": {"executed_lines": [1, 3, 4, 5, 6, 8, 11, 12, 13, 14, 15, 18, 19, 20, 21, 22, 23, 24, 25, 28, 29, 30, 31, 32, 35, 36, 37, 38, 39, 40, 41, 45, 46, 48, 49, 50, 51, 52, 56, 57, 59, 60, 61, 62, 63, 64, 67, 68, 70, 71, 72, 73, 74, 77, 78, 80, 81, 82, 83, 84, 85, 86, 89, 90, 92, 93, 94, 95, 96, 99, 100, 102, 103, 104, 105, 106, 107, 108, 112, 113, 115, 116, 119, 120, 122, 123, 126, 127, 129, 130, 133, 134, 136, 137, 140, 141, 143, 144, 148, 149, 151, 152, 153, 154, 155, 159], "summary": {"covered_lines": 89, "num_statements": 89, "percent_covered": 100.0, "percent_covered_display": "100", "missing_lines": 0, "excluded_lines": 0}, "missing_lines": [], "excluded_lines": [], "functions": {"": {"executed_lines": [1, 3, 4, 5, 6, 8, 11, 12, 13, 14, 15, 18, 19, 20, 21, 22, 23, 24, 25, 28, 29, 30, 31, 32, 35, 36, 37, 38, 39, 40, 41, 45, 46, 48, 49, 50, 51, 52, 56, 57, 59, 60, 61, 62, 63, 64, 67, 68, 70, 71, 72, 73, 74, 77, 78, 80, 81, 82, 83, 84, 85, 86, 89, 90, 92, 93, 94, 95, 96, 99, 100, 102, 103, 104, 105, 106, 107, 108, 112, 113, 115, 116, 119, 120, 122, 123, 126, 127, 129, 130, 133, 134, 136, 137, 140, 141, 143, 144, 148, 149, 151, 152, 153, 154, 155, 159], "summary": {"covered_lines": 89, "num_statements": 89, "percent_covered": 100.0, "percent_covered_display": "
[...]
ing_lines": [], "excluded_lines": []}, "ReservationStatus": {"executed_lines": [], "summary": {"covered_lines": 0, "num_statements": 0, "percent_covered": 100.0, "percent_covered_display": "100", "missing_lines": 0, "excluded_lines": 0}, "missing_lines": [], "excluded_lines": []}, "AdjustmentType": {"executed_lines": [], "summary": {"covered_lines": 0, "num_statements": 0, "percent_covered": 100.0, "percent_covered_display": "100", "missing_lines": 0, "excluded_lines": 0}, "missing_lines": [], "excluded_lines": []}, "Location": {"executed_lines": [], "summary": {"covered_lines": 0, "num_statements": 1, "percent_covered": 0.0, "percent_covered_display": "0", "missing_lines": 1, "excluded_lines": 0}, "missing_lines": [93], "excluded_lines": []}, "Inventory": {"executed_lines": [170, 175], "summary": {"covered_lines": 2, "num_statements": 3, "percent_covered": 66.66666666666667, "percent_covered_display": "67", "missing_lines": 1, "excluded_lines": 0}, "missing_lines": [178], "excluded_lines": []}, "Reservation": {"executed_lines": [], "summary": {"covered_lines": 0, "num_statements": 1, "percent_covered": 0.0, "percent_covered_display": "0", "missing_lines": 1, "excluded_lines": 0}, "missing_lines": [242], "excluded_lines": []}, "InventoryAdjustment": {"executed_lines": [], "summary": {"covered_lines": 0, "num_statements": 1, "percent_covered": 0.0, "percent_covered_display": "0", "missing_lines": 1, "excluded_lines": 0}, "missing_lines": [291], "excluded_lines": []}, "": {"executed_lines": [1, 3, 4, 5, 6, 7, 9, 21, 22, 23, 25, 28, 29, 30, 31, 32, 33, 36, 37, 38, 39, 40, 41, 44, 45, 46, 47, 48, 49, 50, 51, 54, 55, 57, 59, 65, 66, 67, 68, 69, 74, 82, 88, 92, 96, 97, 99, 101, 107, 112, 117, 122, 127, 132, 137, 142, 150, 151, 156, 162, 167, 168, 172, 173, 177, 184, 185, 187, 189, 195, 200, 205, 210, 211, 215, 220, 225, 233, 235, 241, 248, 249, 251, 253, 259, 264, 269, 273, 274, 275, 276, 283, 285, 290], "summary": {"covered_lines": 86, "num_statements": 86, "percent_covered": 100.0, "percent_covered_display": "100", "missing_lines": 0, "excluded_lines": 0}, "missing_lines": [], "excluded_lines": []}}}, "src/repositories/__init__.py": {"executed_lines": [1], "summary": {"covered_lines": 0, "num_statements": 0, "percent_covered": 100.0, "percent_covered_display": "100", "missing_lines": 0, "excluded_lines": 0}, "missing_lines": [], "excluded_lines": [], "functions": {"": {"executed_lines": [1], "summary": {"covered_lines": 0, "num_statements": 0, "percent_covered": 100.0, "percent_covered_display": "100", "missing_lines": 0, "excluded_lines": 0}, "missing_lines": [], "excluded_lines": []}}, "classes": {"": {"executed_lines": [1], "summary": {"covered_lines": 0, "num_statements": 0, "percent_covered": 100.0, "percent_covered_display": "100", "missing_lines": 0, "excluded_lines": 0}, "missing_lines": [], "excluded_lines": []}}}, "src/repositories/base.py": {"executed_lines": [1, 3, 5, 6, 8, 10, 12, 15, 16, 18, 20, 22, 23, 27, 28, 32, 33, 37, 38, 42, 43], "summary": {"covered_lines": 19, "num_statements": 19, "percent_covered": 100.0, "percent_covered_display": "100", "missing_lines": 0, "excluded_lines": 10}, "missing_lines": [], "excluded_lines": [25, 26, 30, 31, 35, 36, 40, 41, 45, 46], "functions": {"BaseRepository.__init__": {"executed_lines": [20], "summary": {"covered_lines": 1, "num_statements": 1, "percent_covered": 100.0, "percent_covered_display": "100", "missing_lines": 0, "excluded_lines": 0}, "missing_lines": [], "excluded_lines": []}, "BaseRepository.create": {"executed_lines": [], "summary": {"covered_lines": 0, "num_statements": 0, "percent_covered": 100.0, "percent_covered_display": "100", "missing_lines": 0, "excluded_lines": 1}, "missing_lines": [], "excluded_lines": [25]}, "BaseRepository.get": {"executed_lines": [], "summary": {"covered_lines": 0, "num_statements": 0, "percent_covered": 100.0, "percent_covered_display": "100", "missing_lines": 0, "excluded_lines": 1}, "missing_lines": [], "excluded_lines": [30]}, "BaseRepository.update": {"executed_lines": [], "summary": {"covered_lines": 0, "num_statements": 0, "percent_covered": 100.0, "percent_covered_display": "100", "missing_lines": 0, "excluded_lines": 1}, "missing_lines": [], "excluded_lines": [35]}, "BaseRepository.delete": {"executed_lines": [], "summary": {"covered_lines": 0, "num_statements": 0, "percent_covered": 100.0, "percent_covered_display": "100", "missing_lines": 0, "excluded_lines": 1}, "missing_lines": [], "excluded_lines": [40]}, "BaseRepository.list": {"executed_lines": [], "summary": {"covered_lines": 0, "num_statements": 0, "percent_covered": 100.0, "percent_covered_display": "100", "missing_lines": 0, "excluded_lines": 1}, "missing_lines": [], "excluded_lines": [45]}, "": {"executed_lines": [1, 3, 5, 6, 8, 10, 12, 15, 16, 18, 22, 23, 27, 28, 32, 33, 37, 38, 42, 43], "summary": {"covered_lines": 18, "num_statements": 18, "percent_covered": 100.0, "percent_covered_display": "100", "missing_lines": 0, "excluded_lines": 4}, "missing_lines": [], "excluded_lines": [26, 31, 36, 41]}}, "classes": {"BaseRepository": {"executed_lines": [20], "summary": {"covered_lines": 1, "num_statements": 1, "percent_covered": 100.0, "percent_covered_display": "100", "missing_lines": 0, "excluded_lines": 5}, "missing_lines": [], "excluded_lines": [25, 30, 35, 40, 45]}, "": {"executed_lines": [1, 3, 5, 6, 8, 10, 12, 15, 16, 18, 22, 23, 27, 28, 32, 33, 37, 38, 42, 43], "summary": {"covered_lines": 18, "num_statements": 18, "percent_covered": 100.0, "percent_covered_display": "100", "missing_lines": 0, "excluded_lines": 4}, "missing_lines": [], "excluded_lines": [26, 31, 36, 41]}}}, "src/repositories/inventory.py": {"executed_lines": [1, 3, 5, 6, 7, 9, 10, 11, 13, 14, 22, 24, 27, 28, 30, 32, 33, 34, 38, 48, 52, 62, 65, 75, 89, 97, 116, 134, 187, 240, 250, 252, 262], "summary": {"covered_lines": 31, "num_statements": 112, "percent_covered": 27.678571428571427, "percent_covered_display": "28", "missing_lines": 81, "excluded_lines": 0}, "missing_lines": [35, 36, 40, 45, 46, 63, 67, 72, 73, 77, 83, 84, 85, 86, 87, 91, 92, 93, 94, 95, 99, 102, 103, 104, 105, 108, 109, 110, 111, 113, 114, 120, 126, 127, 129, 131, 132, 138, 140, 150, 151, 153, 154, 161, 164, 165, 167, 175, 177, 178, 185, 191, 193, 203, 204, 206, 207, 214, 217, 218, 220, 228, 230, 231, 238, 263, 265, 266, 271, 274, 275, 276, 284, 287, 290, 298, 300, 309, 311, 312, 320], "excluded_lines": [], "functions": {"InventoryRepository.create": {"executed_lines": [32, 33, 34], "summary": {"covered_lines": 3, "num_statements": 5, "percent_covered": 60.0, "percent_covered_display": "60", "missing_lines": 2, "excluded_lines": 0}, "missing_lines": [35, 36], "excluded_lines": []}, "InventoryRepository.get": {"executed_lines": [], "summary": {"covered_lines": 0, "num_statements": 3, "percent_covered": 0.0, "percent_covered_display": "0", "missing_lines": 3, "excluded_lines": 0}, "missing_lines": [40, 45, 46], "excluded_lines": []}, "InventoryRepository.get_by_product_and_location": {"executed_lines": [52, 62], "summary": {"covered_lines": 2, "num_statements": 3, "percent_covered": 66.66666666666667, "percent_covered_display": "67", "missing_lines": 1, "excluded_lines": 0}, "missing_lines": [63], "excluded_lines": []}, "InventoryRepository.get_by_product": {"executed_lines": [], "summary": {"covered_lines": 0, "num_statements": 3, "percent_covered": 0.0, "percent_covered_display": "0", "missing_lines": 3, "excluded_lines": 0}, "missing_lines": [67, 72, 73], "excluded_lines": []}, "InventoryRepository.update": {"executed_lines": [], "summary": {"covered_lines": 0, "num_statements": 6, "percent_covered": 0.0, "percent_covered_display": "0", "missing_lines": 6, "excluded_lines": 0}, "missing_lines": [77, 83, 84, 85, 86, 87], "excluded_lines": []}, "InventoryRepository.delete": {"executed_lines": [], "summary": {"covered_lines": 0, "num_statements": 5, "percent_covered": 0.0, "percent_covered_display": "0", "missing_lines": 5, "excluded_lines": 0}, "missing_lines": [91, 92, 93, 94, 95], "excluded_lines": []}, "InventoryRepository.list": {"executed_lines": [], "summary": {"covered_lines": 0, "num_statements": 11, "percent_covered": 0.0, "percent_covered_display": "0", "missing_lines": 11, "excluded_lines": 0}, "missing_lines": [99, 102, 103, 104, 105, 108, 109, 110, 111, 113, 114], "excluded_lines": []}, "InventoryRepository.get_low_stock_items": {"executed_lines": [], "summary": {"covered_lines": 0, "num_statements": 6, "percent_covered": 0.0, "percent_covered_display": "0", "missing_lines": 6, "excluded_lines": 0}, "missing_lines": [120, 126, 127, 129, 131, 132], "excluded_lines": []}, "InventoryRepository.reserve_inventory": {"executed_lines": [], "summary": {"covered_lines": 0, "num_statements": 14, "percent_covered": 0.0, "percent_covered_display": "0", "missing_lines": 14, "excluded_lines": 0}, "missing_lines": [138, 140, 150, 151, 153, 154, 161, 164, 165, 167, 175, 177, 178, 185], "excluded_lines": []}, "InventoryRepository.release_inventory": {"executed_lines": [], "summary": {"covered_lines": 0, "num_statements": 14, "percent_covered": 0.0, "percent_covered_display": "0", "missing_lines": 14, "excluded_lines": 0}, "missing_lines": [191, 193, 203, 204, 206, 207, 214, 217, 218, 220, 228, 230, 231, 238], "excluded_lines": []}, "InventoryRepository.adjust_inventory": {"executed_lines": [250, 252, 262], "summary": {"covered_lines": 3, "num_statements": 19, "percent_covered": 15.789473684210526, "percent_covered_display": "16", "missing_lines": 16, "excluded_lines": 0}, "missing_lines": [263, 265, 266, 271, 274, 275, 276, 284, 287, 290, 298, 300, 309, 311, 312, 320], "excluded_lines": []}, "": {"executed_lines": [1, 3, 5, 6, 7, 9, 10, 11, 13, 14, 22, 24, 27, 28, 30, 38, 48, 65, 75, 89, 97, 116, 134, 187, 240], "summary": {"covered_lines": 23, "num_statements": 23, "percent_covered": 100.0, "percent_covered_display": "100", "missing_lines": 0, "excluded_lines": 0}, "missing_lines": [], "excluded_lines": []}}, "classes": {"InventoryRepository": {"executed_lines": [32, 33, 34, 52, 62, 250, 252, 262], "summary": {"covered_lines": 8, "num_statements": 89, "percent_covered": 8.98876404494382, "percent_covered_display": "9", "missing_lines": 81, "excluded_lines": 0}, "missing_lines": [35, 36, 40, 45, 46, 63, 67, 72, 73, 77, 83, 84, 85, 86, 87, 91, 92, 93, 94, 95, 99, 102, 103, 104, 105, 108, 109, 110, 111, 113, 114, 120, 126, 127, 129, 131, 132, 138, 140, 150, 151, 153, 154, 161, 164, 165, 167, 175, 177, 178, 185, 191, 193, 203, 204, 206, 207, 214, 217, 218, 220, 228, 230, 231, 238, 263, 265, 266, 271, 274, 275, 276, 284, 287, 290, 298, 300, 309, 311, 312, 320], "excluded_lines": []}, "": {"executed_lines": [1, 3, 5, 6, 7, 9, 10, 11, 13, 14, 22, 24, 27, 28, 30, 38, 48, 65, 75, 89, 97, 116, 134, 187, 240], "summary": {"covered_lines": 23, "num_statements": 23, "percent_covered": 100.0, "percent_covered_display": "100", "missing_lines": 0, "excluded_lines": 0}, "missing_lines": [], "excluded_lines": []}}}, "src/repositories/location.py": {"executed_lines": [1, 3, 5, 6, 8, 9, 10, 12, 13, 14, 16, 19, 20, 22, 24, 25, 26, 29, 31, 32, 35, 37, 38, 41, 52, 65, 89, 95], "summary": {"covered_lines": 26, "num_statements": 56, "percent_covered": 46.42857142857143, "percent_covered_display": "46", "missing_lines": 30, "excluded_lines": 0}, "missing_lines": [27, 33, 39, 43, 49, 50, 54, 55, 56, 57, 62, 63, 67, 70, 71, 74, 75, 78, 81, 82, 83, 84, 86, 87, 91, 92, 93, 97, 103, 104], "excluded_lines": [], "functions": {"LocationRepository.create": {"executed_lines": [24, 25, 26], "summary": {"covered_lines": 3, "num_statements": 4, "percent_covered": 75.0, "percent_covered_display": "75", "missing_lines": 1, "excluded_lines": 0}, "missing_lines": [27], "excluded_lines": []}, "LocationRepository.get": {"executed_lines": [31, 32], "summary": {"covered_lines": 2, "num_statements": 3, "percent_covered": 66.66666666666667, "percent_covered_display": "67", "missing_lines": 1, "excluded_lines": 0}, "missing_lines": [33], "excluded_lines": []}, "LocationRepository.get_by_name": {"executed_lines": [37, 38], "summary": {"covered_lines": 2, "num_statements": 3, "percent_covered": 66.66666666666667, "percent_covered_display": "67", "missing_lines": 1, "excluded_lines": 0}, "missing_lines": [39], "excluded_lines": []}, "LocationRepository.update": {"executed_lines": [], "summary": {"covered_lines": 0, "num_statements": 3, "percent_covered": 0.0, "percent_covered_display": "0", "missing_lines": 3, "excluded_lines": 0}, "missing_lines": [43, 49, 50], "excluded_lines": []}, "LocationRepository.delete": {"executed_lines": [], "summary": {"covered_lines": 0, "num_statements": 6, "percent_covered": 0.0, "percent_covered_display": "0", "missing_lines": 6, "excluded_lines": 0}, "missing_lines": [54, 55, 56, 57, 62, 63], "excluded_lines": []}, "LocationRepository.list": {"executed_lines": [], "summary": {"covered_lines": 0, "num_statements": 12, "percent_covered": 0.0, "percent_covered_display": "0", "missing_lines": 12, "excluded_lines": 0}, "missing_lines": [67, 70, 71, 74, 75, 78, 81, 82, 83, 84, 86, 87], "excluded_lines": []}, "LocationRepository.get_active_locations": {"executed_lines": [], "summary": {"covered_lines": 0, "num_statements": 3, "percent_covered": 0.0, "percent_covered_display": "0", "missing_lines": 3, "excluded_lines": 0}, "missing_lines": [91, 92, 93], "excluded_lines": []}, "LocationRepository.get_by_type": {"executed_lines": [], "summary": {"covered_lines": 0, "num_statements": 3, "percent_covered": 0.0, "percent_covered_display": "0", "missing_lines": 3, "excluded_lines": 0}, "missing_lines": [97, 103, 104], "excluded_lines": []}, "": {"executed_lines": [1, 3, 5, 6, 8, 9, 10, 12, 13, 14, 16, 19, 20, 22, 29, 35, 41, 52, 65, 89, 95], "summary": {"covered_lines": 19, "num_statements": 19, "percent_covered": 100.0, "percent_covered_display": "100", "missing_lines": 0, "excluded_lines": 0}, "missing_lines": [], "excluded_lines": []}}, "classes": {"LocationRepository": {"executed_lines": [24, 25, 26, 31, 32, 37, 38], "summary": {"covered_lines": 7, "num_statements": 37, "percent_covered": 18.91891891891892, "percent_covered_display": "19", "missing_lines": 30, "excluded_lines": 0}, "missing_lines": [27, 33, 39, 43, 49, 50, 54, 55, 56, 57, 62, 63, 67, 70, 71, 74, 75, 78, 81, 82, 83, 84, 86, 87, 91, 92, 93, 97, 103, 104], "excluded_lines": []}, "": {"executed_lines": [1, 3, 5, 6, 8, 9, 10, 12, 13, 14, 16, 19, 20, 22, 29, 35, 41, 52, 65, 89, 95], "summary": {"covered_lines": 19, "num_statements": 19, "percent_covered": 100.0, "percent_covered_display": "100", "missing_lines": 0, "excluded_lines": 0}, "missing_lines": [], "excluded_lines": []}}}, "src/repositories/reservation.py": {"executed_lines": [1, 3, 5, 6, 7, 9, 10, 11, 13, 14, 15, 17, 20, 21, 23, 31, 41, 51, 66, 80, 88, 112, 129, 160, 191], "summary": {"covered_lines": 23, "num_statements": 99, "percent_covered": 23.232323232323232, "percent_covered_display": "23", "missing_lines": 76, "excluded_lines": 0}, "missing_lines": [25, 26, 27, 28, 29, 33, 38, 39, 43, 48, 49, 53, 63, 64, 68, 74, 75, 76, 77, 78, 82, 83, 84, 85, 86, 90, 93, 94, 95, 96, 97, 98, 101, 104, 105, 106, 107, 109, 110, 114, 115, 126, 127, 131, 132, 133, 134, 139, 141, 143, 150, 152, 153, 158, 162, 163, 164, 165, 170, 172, 174, 181, 183, 184, 189, 193, 194, 195, 196, 201, 203, 205, 212, 214, 215, 220], "excluded_lines": [], "functions": {"ReservationRepository.create": {"executed_lines": [], "summary": {"covered_lines": 0, "num_statements": 5, "percent_covered": 0.0, "percent_covered_display": "0", "missing_lines": 5, "excluded_lines": 0}, "missing_lines": [25, 26, 27, 28, 29], "excluded_lines": []}, "ReservationRepository.get": {"executed_lines": [], "summary": {"covered_lines": 0, "num_statements": 3, "percent_covered": 0.0, "percent_covered_display": "0", "missing_lines": 3, "excluded_lines": 0}, "missing_lines": [33, 38, 39], "excluded_lines": []}, "ReservationRepository.get_by_order": {"executed_lines": [], "summary": {"covered_lines": 0, "num_statements": 3, "percent_covered": 0.0, "percent_covered_display": "0", "missing_lines": 3, "excluded_lines": 0}, "missing_lines": [43, 48, 49], "excluded_lines": []}, "ReservationRepository.get_active_by_order": {"executed_lines": [], "summary": {"covered_lines": 0, "num_statements": 3, "percent_covered": 0.0, "percent_covered_display": "0", "missing_lines": 3, "excluded_lines": 0}, "missing_lines": [53, 63, 64], "excluded_lines": []}, "ReservationRepository.update": {"executed_lines": [], "summary": {"covered_lines": 0, "num_statements": 6, "percent_covered": 0.0, "percent_covered_display": "0", "missing_lines": 6, "excluded_lines": 0}, "missing_lines": [68, 74, 75, 76, 77, 78], "excluded_lines": []}, "ReservationRepository.delete": {"executed_lines": [], "summary": {"covered_lines": 0, "num_statements": 5, "percent_covered": 0.0, "percent_covered_display": "0", "missing_lines": 5, "excluded_lines": 0}, "missing_lines": [82, 83, 84, 85, 86], "excluded_lines": []}, "ReservationRepository.list": {"executed_lines": [], "summary": {"covered_lines": 0, "num_statements": 14, "percent_covered": 0.0, "percent_covered_display": "0", "missing_lines": 14, "excluded_lines": 0}, "missing_lines": [90, 93, 94, 95, 96, 97, 98, 101, 104, 105, 106, 107, 109, 110], "excluded_lines": []}, "ReservationRepository.get_expired_reservations": {"executed_lines": [], "summary": {"covered_lines": 0, "num_statements": 4, "percent_covered": 0.0, "percent_covered_display": "0", "missing_lines": 4, "excluded_lines": 0}, "missing_lines": [114, 115, 126, 127], "excluded_lines": []}, "ReservationRepository.mark_as_completed": {"executed_lines": [], "summary": {"covered_lines": 0, "num_statements": 11, "percent_covered": 0.0, "percent_covered_display": "0", "missing_lines": 11, "excluded_lines": 0}, "missing_lines": [131, 132, 133, 134, 139, 141, 143, 150, 152, 153, 158], "excluded_lines": []}, "ReservationRepository.mark_as_expired": {"executed_lines": [], "summary": {"covered_lines": 0, "num_statements": 11, "percent_covered": 0.0, "percent_covered_display": "0", "missing_lines": 11, "excluded_lines": 0}, "missing_lines": [162, 163, 164, 165, 170, 172, 174, 181, 183, 184, 189], "excluded_lines": []}, "ReservationRepository.release_reservation": {"executed_lines": [], "summary": {"covered_lines": 0, "num_statements": 11, "percent_covered": 0.0, "percent_covered_display": "0", "missing_lines": 11, "excluded_lines": 0}, "missing_lines": [193, 194, 195, 196, 201, 203, 205, 212, 214, 215, 220], "excluded_lines": []}, "": {"executed_lines": [1, 3, 5, 6, 7, 9, 10, 11, 13, 14, 15, 17, 20, 21, 23, 31, 41, 51, 66, 80, 88, 112, 129, 160, 191], "summary": {"covered_lines": 23, "num_statements": 23, "percent_covered": 100.0, "percent_covered_display": "100", "missing_lines": 0, "excluded_lines": 0}, "missing_lines": [], "excluded_lines": []}}, "classes": {"ReservationRepository": {"executed_lines": [], "summary": {"covered_lines": 0, "num_statements": 76, "percent_covered": 0.0, "percent_covered_display": "0", "missing_lines": 76, "excluded_lines": 0}, "missing_lines": [25, 26, 27, 28, 29, 33, 38, 39, 43, 48, 49, 53, 63, 64, 68, 74, 75, 76, 77, 78, 82, 83, 84, 85, 86, 90, 93, 94, 95, 96, 97, 98, 101, 104, 105, 106, 107, 109, 110, 114, 115, 126, 127, 131, 132, 133, 134, 139, 141, 143, 150, 152, 153, 158, 162, 163, 164, 165, 170, 172, 174, 181, 183, 184, 189, 193, 194, 195, 196, 201, 203, 205, 212, 214, 215, 220], "excluded_lines": []}, "": {"executed_lines": [1, 3, 5, 6, 7, 9, 10, 11, 13, 14, 15, 17, 20, 21, 23, 31, 41, 51, 66, 80, 88, 112, 129, 160, 191], "summary": {"covered_lines": 23, "num_statements": 23, "percent_covered": 100.0, "percent_covered_display": "100", "missing_lines": 0, "excluded_lines": 0}, "missing_lines": [], "excluded_lines": []}}}}, "totals": {"covered_lines": 830, "num_statements": 1775, "percent_covered": 46.76056338028169, "percent_covered_display": "47", "missing_lines": 945, "excluded_lines": 10}}